2025-09-10 10:23:03.821 +08:00 [WRN] 用户登录失败：admin
2025-09-10 10:24:24.229 +08:00 [INF] 用户登录成功：admin
2025-09-10 10:24:28.377 +08:00 [INF] 用户退出：admin
2025-09-10 10:25:45.639 +08:00 [WRN] 用户登录失败：admin
2025-09-10 10:29:27.244 +08:00 [INF] 用户登录成功：admin
2025-09-10 10:29:28.869 +08:00 [INF] 用户退出：admin
2025-09-10 10:29:34.987 +08:00 [INF] 用户登录成功：admin
2025-09-10 10:30:02.564 +08:00 [INF] 用户注册成功：bolo
2025-09-10 10:30:13.417 +08:00 [INF] 用户 admin 尝试创建标签 1
2025-09-10 10:30:13.439 +08:00 [INF] 用户 admin 成功创建标签 1
2025-09-10 10:30:23.139 +08:00 [INF] 用户 admin 于 "2025-09-10T10:30:23.0322775+08:00" 成功上传文件 test3.docx, 存储名 admin_20250910103022924_292834b5d7184b089b09ed481a742609, 标签：1 , 大小 13563 字节
2025-09-10 10:30:40.432 +08:00 [INF] 用户 admin 尝试创建标签 2
2025-09-10 10:30:40.438 +08:00 [INF] 用户 admin 成功创建标签 2
2025-09-10 10:30:43.883 +08:00 [INF] 用户 admin 于 "2025-09-10T10:30:43.8625802+08:00" 成功上传文件 test3.docx, 存储名 admin_20250910103043833_fb2f6666c15e4804a13771f0c8d73a0d, 标签：1,2 , 大小 13563 字节
2025-09-10 10:31:07.547 +08:00 [INF] 用户退出：admin
2025-09-10 10:36:11.849 +08:00 [INF] 用户登录成功：admin
2025-09-10 10:36:24.721 +08:00 [WRN] 用户注册失败：admin, 错误: 用户名已存在
2025-09-10 10:36:38.455 +08:00 [WRN] 用户注册失败：admin, 错误: 用户名已存在
2025-09-10 10:37:17.746 +08:00 [WRN] 用户注册失败：bolo, 错误: 用户名已存在
2025-09-10 10:37:38.882 +08:00 [INF] 用户注册成功：test
2025-09-10 10:41:07.815 +08:00 [INF] 用户退出：admin
2025-09-10 10:41:08.542 +08:00 [INF] 用户登录成功：admin
2025-09-10 10:41:10.075 +08:00 [INF] 用户退出：admin
2025-09-10 10:41:12.442 +08:00 [INF] 用户登录成功：admin
2025-09-10 10:41:15.911 +08:00 [WRN] 用户注册失败：admin, 错误: 用户名已存在
2025-09-10 10:44:36.049 +08:00 [INF] 用户退出：admin
2025-09-10 10:44:36.836 +08:00 [INF] 用户登录成功：admin
2025-09-10 10:44:39.182 +08:00 [WRN] 用户注册失败：admin, 错误: 用户名已存在
2025-09-10 10:56:30.533 +08:00 [INF] 用户退出：admin
2025-09-10 10:56:31.750 +08:00 [INF] 用户登录成功：admin
2025-09-10 10:56:35.366 +08:00 [INF] 用户退出：admin
2025-09-10 10:56:36.050 +08:00 [INF] 用户登录成功：admin
2025-09-10 10:57:03.745 +08:00 [INF] 用户退出：admin
2025-09-10 10:57:06.508 +08:00 [WRN] 用户登录失败：bolo
2025-09-10 10:57:09.574 +08:00 [WRN] 用户登录失败：bolo
2025-09-10 10:57:10.849 +08:00 [WRN] 用户登录失败：bolo
2025-09-10 10:57:18.419 +08:00 [WRN] 用户登录失败：bolo
2025-09-10 10:57:23.520 +08:00 [WRN] 用户登录失败：bolo
2025-09-10 10:57:32.799 +08:00 [INF] 用户登录成功：test
2025-09-10 10:58:12.071 +08:00 [INF] 用户退出：test
2025-09-10 10:58:13.057 +08:00 [INF] 用户登录成功：admin
2025-09-10 10:58:18.466 +08:00 [INF] 用户注册成功：ok
2025-09-10 10:59:37.597 +08:00 [INF] 用户退出：admin
2025-09-10 10:59:38.421 +08:00 [INF] 用户登录成功：admin
2025-09-10 10:59:57.497 +08:00 [INF] 用户退出：admin
2025-09-10 10:59:58.578 +08:00 [INF] 用户登录成功：admin
2025-09-10 11:00:02.265 +08:00 [INF] 用户 admin 下载文件 成功。桶: my-bucket, 原始名: test3.docx, 存储名: admin_20250910103022924_292834b5d7184b089b09ed481a742609, 大小: 13563 字节
2025-09-10 11:00:31.644 +08:00 [INF] 用户 admin 于 "2025-09-10T11:00:31.5602880+08:00" 成功上传文件 测试.docx, 存储名 admin_20250910110031473_cfd2c2c1a6d140048f821bd0a3534c18, 标签：2,1 , 大小 13555 字节
2025-09-10 11:00:45.620 +08:00 [INF] 用户 admin 下载文件 成功。桶: my-bucket, 原始名: 测试.docx, 存储名: admin_20250910110031473_cfd2c2c1a6d140048f821bd0a3534c18, 大小: 13555 字节
2025-09-10 11:00:45.627 +08:00 [ERR] An unhandled exception has occurred while executing the request.
System.InvalidOperationException: Invalid non-ASCII or control character in header: 0x6D4B
   at Microsoft.AspNetCore.Server.Kestrel.Core.Internal.Http.HttpHeaders.ThrowInvalidHeaderCharacter(Char ch)
   at Microsoft.AspNetCore.Server.Kestrel.Core.Internal.Http.HttpResponseHeaders.SetValueFast(String key, StringValues value)
   at Microsoft.AspNetCore.Server.Kestrel.Core.Internal.Http.HttpHeaders.Microsoft.AspNetCore.Http.IHeaderDictionary.set_Item(String key, StringValues value)
   at MinioWebBackend.Controllers.DownloadByIDController.PreviewById(Int32 id) in D:\bolo_backend\minio-web-backend\Controllers\DownloadByIDController.cs:line 70
   at Microsoft.AspNetCore.Mvc.Infrastructure.ActionMethodExecutor.TaskOfIActionResultExecutor.Execute(ActionContext actionContext, IActionResultTypeMapper mapper, ObjectMethodExecutor executor, Object controller, Object[] arguments)
   at Microsoft.AspNetCore.Mvc.Infrastructure.ControllerActionInvoker.<InvokeActionMethodAsync>g__Awaited|12_0(ControllerActionInvoker invoker, ValueTask`1 actionResultValueTask)
   at Microsoft.AspNetCore.Mvc.Infrastructure.ControllerActionInvoker.<InvokeNextActionFilterAsync>g__Awaited|10_0(ControllerActionInvoker invoker, Task lastTask, State next, Scope scope, Object state, Boolean isCompleted)
   at Microsoft.AspNetCore.Mvc.Infrastructure.ControllerActionInvoker.Rethrow(ActionExecutedContextSealed context)
   at Microsoft.AspNetCore.Mvc.Infrastructure.ControllerActionInvoker.Next(State& next, Scope& scope, Object& state, Boolean& isCompleted)
   at Microsoft.AspNetCore.Mvc.Infrastructure.ControllerActionInvoker.<InvokeInnerFilterAsync>g__Awaited|13_0(ControllerActionInvoker invoker, Task lastTask, State next, Scope scope, Object state, Boolean isCompleted)
   at Microsoft.AspNetCore.Mvc.Infrastructure.ResourceInvoker.<InvokeFilterPipelineAsync>g__Awaited|20_0(ResourceInvoker invoker, Task lastTask, State next, Scope scope, Object state, Boolean isCompleted)
   at Microsoft.AspNetCore.Mvc.Infrastructure.ResourceInvoker.<InvokeAsync>g__Awaited|17_0(ResourceInvoker invoker, Task task, IDisposable scope)
   at Microsoft.AspNetCore.Mvc.Infrastructure.ResourceInvoker.<InvokeAsync>g__Awaited|17_0(ResourceInvoker invoker, Task task, IDisposable scope)
   at Microsoft.AspNetCore.Authorization.AuthorizationMiddleware.Invoke(HttpContext context)
   at Microsoft.AspNetCore.Authentication.AuthenticationMiddleware.Invoke(HttpContext context)
   at Swashbuckle.AspNetCore.SwaggerUI.SwaggerUIMiddleware.Invoke(HttpContext httpContext)
   at Swashbuckle.AspNetCore.Swagger.SwaggerMiddleware.Invoke(HttpContext httpContext, ISwaggerProvider swaggerProvider)
   at Swashbuckle.AspNetCore.SwaggerUI.SwaggerUIMiddleware.Invoke(HttpContext httpContext)
   at Swashbuckle.AspNetCore.Swagger.SwaggerMiddleware.Invoke(HttpContext httpContext, ISwaggerProvider swaggerProvider)
   at Microsoft.AspNetCore.Diagnostics.DeveloperExceptionPageMiddlewareImpl.Invoke(HttpContext context)
2025-09-10 11:10:06.327 +08:00 [INF] 用户退出：admin
2025-09-10 11:10:59.506 +08:00 [INF] 用户登录成功：admin
2025-09-10 11:11:00.561 +08:00 [INF] 用户退出：admin
2025-09-10 11:11:49.764 +08:00 [INF] 用户登录成功：admin
2025-09-10 11:30:19.096 +08:00 [INF] 用户退出：admin
2025-09-10 11:30:19.861 +08:00 [INF] 用户登录成功：admin
2025-09-10 11:30:28.590 +08:00 [INF] 用户 admin 下载文件 成功。桶: my-bucket, 原始名: 测试.docx, 存储名: admin_20250910110031473_cfd2c2c1a6d140048f821bd0a3534c18, 大小: 13555 字节
2025-09-10 11:30:30.914 +08:00 [INF] 用户 admin 下载文件 成功。桶: my-bucket, 原始名: 测试.docx, 存储名: admin_20250910110031473_cfd2c2c1a6d140048f821bd0a3534c18, 大小: 13555 字节
2025-09-10 11:30:34.521 +08:00 [INF] 用户 admin 下载文件 成功。桶: my-bucket, 原始名: 测试.docx, 存储名: admin_20250910110031473_cfd2c2c1a6d140048f821bd0a3534c18, 大小: 13555 字节
2025-09-10 11:30:36.186 +08:00 [INF] 用户 admin 下载文件 成功。桶: my-bucket, 原始名: 测试.docx, 存储名: admin_20250910110031473_cfd2c2c1a6d140048f821bd0a3534c18, 大小: 13555 字节
2025-09-10 11:32:17.812 +08:00 [INF] 用户 admin 下载文件 成功。桶: my-bucket, 原始名: 测试.docx, 存储名: admin_20250910110031473_cfd2c2c1a6d140048f821bd0a3534c18, 大小: 13555 字节
2025-09-10 14:18:25.879 +08:00 [INF] 用户退出：admin
2025-09-10 14:18:27.069 +08:00 [INF] 用户登录成功：admin
2025-09-10 14:18:43.187 +08:00 [INF] 用户 admin 于 "2025-09-10T14:18:43.0855053+08:00" 成功上传文件 行政费用汇总表.xlsx, 存储名 admin_20250910141842981_db0c255b3a0642fa9652212d0cd67830, 标签：1 , 大小 10621 字节
2025-09-10 14:23:26.994 +08:00 [INF] 用户 admin 于 "2025-09-10T14:23:26.9615050+08:00" 成功上传文件 英文-光联公司介绍ppt2025.09.02.pptx, 存储名 admin_20250910142318725_a931863e84714cd3ba3de54dc7b87f2b, 标签：1 , 大小 85501999 字节
2025-09-10 14:30:08.029 +08:00 [INF] 用户退出：admin
2025-09-10 14:30:08.712 +08:00 [INF] 用户登录成功：admin
2025-09-10 14:47:18.930 +08:00 [INF] 用户 admin 下载文件 成功。桶: my-bucket, 原始名: 英文-光联公司介绍ppt2025.09.02.pptx, 存储名: admin_20250910142318725_a931863e84714cd3ba3de54dc7b87f2b, 大小: 85501999 字节
2025-09-10 14:48:14.361 +08:00 [INF] 用户退出：admin
2025-09-10 14:48:15.106 +08:00 [INF] 用户登录成功：admin
2025-09-10 14:48:17.359 +08:00 [INF] 用户 admin 下载文件 成功。桶: my-bucket, 原始名: 英文-光联公司介绍ppt2025.09.02.pptx, 存储名: admin_20250910142318725_a931863e84714cd3ba3de54dc7b87f2b, 大小: 85501999 字节
2025-09-10 14:48:24.577 +08:00 [ERR] An unhandled exception has occurred while executing the request.
System.InvalidOperationException: Invalid non-ASCII or control character in header: 0x82F1
   at Microsoft.AspNetCore.Server.Kestrel.Core.Internal.Http.HttpHeaders.ThrowInvalidHeaderCharacter(Char ch)
   at Microsoft.AspNetCore.Server.Kestrel.Core.Internal.Http.HttpResponseHeaders.SetValueFast(String key, StringValues value)
   at Microsoft.AspNetCore.Server.Kestrel.Core.Internal.Http.HttpHeaders.Microsoft.AspNetCore.Http.IHeaderDictionary.set_Item(String key, StringValues value)
   at MinioWebBackend.Controllers.DownloadByIDController.DownloadById(Int32 id) in D:\bolo_backend\minio-web-backend\Controllers\DownloadByIDController.cs:line 42
   at Microsoft.AspNetCore.Mvc.Infrastructure.ActionMethodExecutor.TaskOfIActionResultExecutor.Execute(ActionContext actionContext, IActionResultTypeMapper mapper, ObjectMethodExecutor executor, Object controller, Object[] arguments)
   at Microsoft.AspNetCore.Mvc.Infrastructure.ControllerActionInvoker.<InvokeActionMethodAsync>g__Awaited|12_0(ControllerActionInvoker invoker, ValueTask`1 actionResultValueTask)
   at Microsoft.AspNetCore.Mvc.Infrastructure.ControllerActionInvoker.<InvokeNextActionFilterAsync>g__Awaited|10_0(ControllerActionInvoker invoker, Task lastTask, State next, Scope scope, Object state, Boolean isCompleted)
   at Microsoft.AspNetCore.Mvc.Infrastructure.ControllerActionInvoker.Rethrow(ActionExecutedContextSealed context)
   at Microsoft.AspNetCore.Mvc.Infrastructure.ControllerActionInvoker.Next(State& next, Scope& scope, Object& state, Boolean& isCompleted)
   at Microsoft.AspNetCore.Mvc.Infrastructure.ControllerActionInvoker.<InvokeInnerFilterAsync>g__Awaited|13_0(ControllerActionInvoker invoker, Task lastTask, State next, Scope scope, Object state, Boolean isCompleted)
   at Microsoft.AspNetCore.Mvc.Infrastructure.ResourceInvoker.<InvokeFilterPipelineAsync>g__Awaited|20_0(ResourceInvoker invoker, Task lastTask, State next, Scope scope, Object state, Boolean isCompleted)
   at Microsoft.AspNetCore.Mvc.Infrastructure.ResourceInvoker.<InvokeAsync>g__Awaited|17_0(ResourceInvoker invoker, Task task, IDisposable scope)
   at Microsoft.AspNetCore.Mvc.Infrastructure.ResourceInvoker.<InvokeAsync>g__Awaited|17_0(ResourceInvoker invoker, Task task, IDisposable scope)
   at Microsoft.AspNetCore.Authorization.AuthorizationMiddleware.Invoke(HttpContext context)
   at Microsoft.AspNetCore.Authentication.AuthenticationMiddleware.Invoke(HttpContext context)
   at Swashbuckle.AspNetCore.SwaggerUI.SwaggerUIMiddleware.Invoke(HttpContext httpContext)
   at Swashbuckle.AspNetCore.Swagger.SwaggerMiddleware.Invoke(HttpContext httpContext, ISwaggerProvider swaggerProvider)
   at Swashbuckle.AspNetCore.SwaggerUI.SwaggerUIMiddleware.Invoke(HttpContext httpContext)
   at Swashbuckle.AspNetCore.Swagger.SwaggerMiddleware.Invoke(HttpContext httpContext, ISwaggerProvider swaggerProvider)
   at Microsoft.AspNetCore.Diagnostics.DeveloperExceptionPageMiddlewareImpl.Invoke(HttpContext context)
2025-09-10 14:51:05.117 +08:00 [INF] 用户退出：admin
2025-09-10 14:51:08.285 +08:00 [INF] 用户登录成功：admin
2025-09-10 15:07:00.614 +08:00 [INF] 用户 admin 于 "2025-09-10T15:07:00.5861958+08:00" 成功上传文件 TODO.txt, 存储名 admin_20250910150700561_4995760444e0455bb572e7278dfc9ca8, 标签：1,2 , 大小 358 字节
2025-09-10 15:07:12.876 +08:00 [INF] 用户 admin 于 "2025-09-10T15:07:12.8578415+08:00" 成功上传文件 1、产品说明与介绍.rar, 存储名 admin_20250910150708159_8ff63cb679f9413fa3d902c27a27b709, 标签：1,2 , 大小 48435713 字节
2025-09-10 15:16:56.867 +08:00 [INF] 用户退出：admin
2025-09-10 15:16:59.282 +08:00 [INF] 用户登录成功：admin
2025-09-10 15:24:51.241 +08:00 [INF] 用户退出：admin
2025-09-10 15:24:51.951 +08:00 [INF] 用户登录成功：admin
2025-09-10 15:27:40.919 +08:00 [INF] 用户退出：admin
2025-09-10 15:27:41.520 +08:00 [INF] 用户登录成功：admin
2025-09-10 15:28:55.202 +08:00 [INF] 用户退出：admin
2025-09-10 15:28:57.830 +08:00 [INF] 用户登录成功：admin
2025-09-10 15:29:02.585 +08:00 [ERR] 用户 admin 上传文件 新建 文本文档.txt 失败，存储名 admin_20250910152902507_8ef661ad6fb04be79b66adc7d39ac2b2
Amazon.S3.AmazonS3Exception: You must specify at least one part
 ---> Amazon.Runtime.Internal.HttpErrorResponseException: Exception of type 'Amazon.Runtime.Internal.HttpErrorResponseException' was thrown.
   at Amazon.Runtime.HttpWebRequestMessage.GetResponseAsync(CancellationToken cancellationToken)
   at Amazon.Runtime.Internal.HttpHandler`1.InvokeAsync[T](IExecutionContext executionContext)
   at Amazon.Runtime.Internal.RedirectHandler.InvokeAsync[T](IExecutionContext executionContext)
   at Amazon.Runtime.Internal.Unmarshaller.InvokeAsync[T](IExecutionContext executionContext)
   at Amazon.S3.Internal.AmazonS3ResponseHandler.InvokeAsync[T](IExecutionContext executionContext)
   at Amazon.Runtime.Internal.ErrorHandler.InvokeAsync[T](IExecutionContext executionContext)
   --- End of inner exception stack trace ---
   at Amazon.Runtime.Internal.HttpErrorResponseExceptionHandler.HandleExceptionStream(IRequestContext requestContext, IWebResponseData httpErrorResponse, HttpErrorResponseException exception, Stream responseStream)
   at Amazon.Runtime.Internal.HttpErrorResponseExceptionHandler.HandleExceptionAsync(IExecutionContext executionContext, HttpErrorResponseException exception)
   at Amazon.Runtime.Internal.ExceptionHandler`1.HandleAsync(IExecutionContext executionContext, Exception exception)
   at Amazon.Runtime.Internal.ErrorHandler.ProcessExceptionAsync(IExecutionContext executionContext, Exception exception)
   at Amazon.Runtime.Internal.ErrorHandler.InvokeAsync[T](IExecutionContext executionContext)
   at Amazon.Runtime.Internal.CallbackHandler.InvokeAsync[T](IExecutionContext executionContext)
   at Amazon.Runtime.Internal.EndpointDiscoveryHandler.InvokeAsync[T](IExecutionContext executionContext)
   at Amazon.Runtime.Internal.EndpointDiscoveryHandler.InvokeAsync[T](IExecutionContext executionContext)
   at Amazon.Runtime.Internal.CredentialsRetriever.InvokeAsync[T](IExecutionContext executionContext)
   at Amazon.Runtime.Internal.RetryHandler.InvokeAsync[T](IExecutionContext executionContext)
   at Amazon.Runtime.Internal.RetryHandler.InvokeAsync[T](IExecutionContext executionContext)
   at Amazon.Runtime.Internal.CallbackHandler.InvokeAsync[T](IExecutionContext executionContext)
   at Amazon.Runtime.Internal.CallbackHandler.InvokeAsync[T](IExecutionContext executionContext)
   at Amazon.S3.Internal.AmazonS3ExceptionHandler.InvokeAsync[T](IExecutionContext executionContext)
   at Amazon.Runtime.Internal.ErrorCallbackHandler.InvokeAsync[T](IExecutionContext executionContext)
   at Amazon.Runtime.Internal.MetricsHandler.InvokeAsync[T](IExecutionContext executionContext)
   at MinioWebBackend.Service.UploadService.MultipartUploadAsync(MultipartUploadRequest request) in D:\bolo_backend\minio-web-backend\Service\UploadService.cs:line 190
2025-09-10 15:29:54.158 +08:00 [INF] 用户退出：admin
2025-09-10 15:29:54.730 +08:00 [INF] 用户登录成功：admin
2025-09-10 15:30:37.570 +08:00 [INF] 用户退出：admin
2025-09-10 15:30:38.273 +08:00 [INF] 用户登录成功：admin
2025-09-10 15:32:34.778 +08:00 [INF] 用户 admin 下载文件 成功。桶: my-bucket, 原始名: 英文-光联公司介绍ppt2025.09.02.pptx, 存储名: admin_20250910142318725_a931863e84714cd3ba3de54dc7b87f2b, 大小: 85501999 字节
2025-09-10 15:33:20.256 +08:00 [INF] 用户 admin 下载文件 成功。桶: my-bucket, 原始名: 英文-光联公司介绍ppt2025.09.02.pptx, 存储名: admin_20250910142318725_a931863e84714cd3ba3de54dc7b87f2b, 大小: 85501999 字节
2025-09-10 15:33:27.803 +08:00 [ERR] An unhandled exception has occurred while executing the request.
System.InvalidOperationException: Invalid non-ASCII or control character in header: 0x82F1
   at Microsoft.AspNetCore.Server.Kestrel.Core.Internal.Http.HttpHeaders.ThrowInvalidHeaderCharacter(Char ch)
   at Microsoft.AspNetCore.Server.Kestrel.Core.Internal.Http.HttpResponseHeaders.SetValueFast(String key, StringValues value)
   at Microsoft.AspNetCore.Server.Kestrel.Core.Internal.Http.HttpHeaders.Microsoft.AspNetCore.Http.IHeaderDictionary.set_Item(String key, StringValues value)
   at MinioWebBackend.Controllers.DownloadByIDController.DownloadById(Int32 id) in D:\bolo_backend\minio-web-backend\Controllers\DownloadByIDController.cs:line 42
   at Microsoft.AspNetCore.Mvc.Infrastructure.ActionMethodExecutor.TaskOfIActionResultExecutor.Execute(ActionContext actionContext, IActionResultTypeMapper mapper, ObjectMethodExecutor executor, Object controller, Object[] arguments)
   at Microsoft.AspNetCore.Mvc.Infrastructure.ControllerActionInvoker.<InvokeActionMethodAsync>g__Awaited|12_0(ControllerActionInvoker invoker, ValueTask`1 actionResultValueTask)
   at Microsoft.AspNetCore.Mvc.Infrastructure.ControllerActionInvoker.<InvokeNextActionFilterAsync>g__Awaited|10_0(ControllerActionInvoker invoker, Task lastTask, State next, Scope scope, Object state, Boolean isCompleted)
   at Microsoft.AspNetCore.Mvc.Infrastructure.ControllerActionInvoker.Rethrow(ActionExecutedContextSealed context)
   at Microsoft.AspNetCore.Mvc.Infrastructure.ControllerActionInvoker.Next(State& next, Scope& scope, Object& state, Boolean& isCompleted)
   at Microsoft.AspNetCore.Mvc.Infrastructure.ControllerActionInvoker.<InvokeInnerFilterAsync>g__Awaited|13_0(ControllerActionInvoker invoker, Task lastTask, State next, Scope scope, Object state, Boolean isCompleted)
   at Microsoft.AspNetCore.Mvc.Infrastructure.ResourceInvoker.<InvokeFilterPipelineAsync>g__Awaited|20_0(ResourceInvoker invoker, Task lastTask, State next, Scope scope, Object state, Boolean isCompleted)
   at Microsoft.AspNetCore.Mvc.Infrastructure.ResourceInvoker.<InvokeAsync>g__Awaited|17_0(ResourceInvoker invoker, Task task, IDisposable scope)
   at Microsoft.AspNetCore.Mvc.Infrastructure.ResourceInvoker.<InvokeAsync>g__Awaited|17_0(ResourceInvoker invoker, Task task, IDisposable scope)
   at Microsoft.AspNetCore.Authorization.AuthorizationMiddleware.Invoke(HttpContext context)
   at Microsoft.AspNetCore.Authentication.AuthenticationMiddleware.Invoke(HttpContext context)
   at Swashbuckle.AspNetCore.SwaggerUI.SwaggerUIMiddleware.Invoke(HttpContext httpContext)
   at Swashbuckle.AspNetCore.Swagger.SwaggerMiddleware.Invoke(HttpContext httpContext, ISwaggerProvider swaggerProvider)
   at Swashbuckle.AspNetCore.SwaggerUI.SwaggerUIMiddleware.Invoke(HttpContext httpContext)
   at Swashbuckle.AspNetCore.Swagger.SwaggerMiddleware.Invoke(HttpContext httpContext, ISwaggerProvider swaggerProvider)
   at Microsoft.AspNetCore.Diagnostics.DeveloperExceptionPageMiddlewareImpl.Invoke(HttpContext context)
2025-09-10 15:34:30.646 +08:00 [INF] 用户 admin 于 "2025-09-10T15:34:30.5959145+08:00" 成功上传文件 pptx.pptx, 存储名 admin_20250910153422281_b5ed83d21afe4392991e50db09fb7bff, 标签： , 大小 85501999 字节
2025-09-10 15:34:34.989 +08:00 [INF] 用户 admin 下载文件 成功。桶: my-bucket, 原始名: pptx.pptx, 存储名: admin_20250910153422281_b5ed83d21afe4392991e50db09fb7bff, 大小: 85501999 字节
2025-09-10 15:34:53.402 +08:00 [INF] 用户 admin 下载文件 成功。桶: my-bucket, 原始名: pptx.pptx, 存储名: admin_20250910153422281_b5ed83d21afe4392991e50db09fb7bff, 大小: 85501999 字节
2025-09-10 15:35:12.626 +08:00 [INF] 用户 admin 下载文件 成功。桶: my-bucket, 原始名: 英文-光联公司介绍ppt2025.09.02.pptx, 存储名: admin_20250910142318725_a931863e84714cd3ba3de54dc7b87f2b, 大小: 85501999 字节
2025-09-10 15:35:19.911 +08:00 [ERR] An unhandled exception has occurred while executing the request.
System.InvalidOperationException: Invalid non-ASCII or control character in header: 0x82F1
   at Microsoft.AspNetCore.Server.Kestrel.Core.Internal.Http.HttpHeaders.ThrowInvalidHeaderCharacter(Char ch)
   at Microsoft.AspNetCore.Server.Kestrel.Core.Internal.Http.HttpResponseHeaders.SetValueFast(String key, StringValues value)
   at Microsoft.AspNetCore.Server.Kestrel.Core.Internal.Http.HttpHeaders.Microsoft.AspNetCore.Http.IHeaderDictionary.set_Item(String key, StringValues value)
   at MinioWebBackend.Controllers.DownloadByIDController.DownloadById(Int32 id) in D:\bolo_backend\minio-web-backend\Controllers\DownloadByIDController.cs:line 42
   at Microsoft.AspNetCore.Mvc.Infrastructure.ActionMethodExecutor.TaskOfIActionResultExecutor.Execute(ActionContext actionContext, IActionResultTypeMapper mapper, ObjectMethodExecutor executor, Object controller, Object[] arguments)
   at Microsoft.AspNetCore.Mvc.Infrastructure.ControllerActionInvoker.<InvokeActionMethodAsync>g__Awaited|12_0(ControllerActionInvoker invoker, ValueTask`1 actionResultValueTask)
   at Microsoft.AspNetCore.Mvc.Infrastructure.ControllerActionInvoker.<InvokeNextActionFilterAsync>g__Awaited|10_0(ControllerActionInvoker invoker, Task lastTask, State next, Scope scope, Object state, Boolean isCompleted)
   at Microsoft.AspNetCore.Mvc.Infrastructure.ControllerActionInvoker.Rethrow(ActionExecutedContextSealed context)
   at Microsoft.AspNetCore.Mvc.Infrastructure.ControllerActionInvoker.Next(State& next, Scope& scope, Object& state, Boolean& isCompleted)
   at Microsoft.AspNetCore.Mvc.Infrastructure.ControllerActionInvoker.<InvokeInnerFilterAsync>g__Awaited|13_0(ControllerActionInvoker invoker, Task lastTask, State next, Scope scope, Object state, Boolean isCompleted)
   at Microsoft.AspNetCore.Mvc.Infrastructure.ResourceInvoker.<InvokeFilterPipelineAsync>g__Awaited|20_0(ResourceInvoker invoker, Task lastTask, State next, Scope scope, Object state, Boolean isCompleted)
   at Microsoft.AspNetCore.Mvc.Infrastructure.ResourceInvoker.<InvokeAsync>g__Awaited|17_0(ResourceInvoker invoker, Task task, IDisposable scope)
   at Microsoft.AspNetCore.Mvc.Infrastructure.ResourceInvoker.<InvokeAsync>g__Awaited|17_0(ResourceInvoker invoker, Task task, IDisposable scope)
   at Microsoft.AspNetCore.Authorization.AuthorizationMiddleware.Invoke(HttpContext context)
   at Microsoft.AspNetCore.Authentication.AuthenticationMiddleware.Invoke(HttpContext context)
   at Swashbuckle.AspNetCore.SwaggerUI.SwaggerUIMiddleware.Invoke(HttpContext httpContext)
   at Swashbuckle.AspNetCore.Swagger.SwaggerMiddleware.Invoke(HttpContext httpContext, ISwaggerProvider swaggerProvider)
   at Swashbuckle.AspNetCore.SwaggerUI.SwaggerUIMiddleware.Invoke(HttpContext httpContext)
   at Swashbuckle.AspNetCore.Swagger.SwaggerMiddleware.Invoke(HttpContext httpContext, ISwaggerProvider swaggerProvider)
   at Microsoft.AspNetCore.Diagnostics.DeveloperExceptionPageMiddlewareImpl.Invoke(HttpContext context)
2025-09-10 15:40:25.026 +08:00 [INF] 用户退出：admin
2025-09-10 15:40:26.318 +08:00 [INF] 用户登录成功：admin
2025-09-10 15:40:33.684 +08:00 [INF] 用户 admin 下载文件 成功。桶: my-bucket, 原始名: 英文-光联公司介绍ppt2025.09.02.pptx, 存储名: admin_20250910142318725_a931863e84714cd3ba3de54dc7b87f2b, 大小: 85501999 字节
2025-09-10 15:45:30.133 +08:00 [INF] 用户 admin 下载文件 成功。桶: my-bucket, 原始名: 1、产品说明与介绍.rar, 存储名: admin_20250910150708159_8ff63cb679f9413fa3d902c27a27b709, 大小: 48435713 字节
2025-09-10 15:45:38.421 +08:00 [INF] 用户 admin 下载文件 成功。桶: my-bucket, 原始名: 英文-光联公司介绍ppt2025.09.02.pptx, 存储名: admin_20250910142318725_a931863e84714cd3ba3de54dc7b87f2b, 大小: 85501999 字节
2025-09-10 15:46:12.613 +08:00 [INF] 用户 admin 下载文件 成功。桶: my-bucket, 原始名: pptx.pptx, 存储名: admin_20250910153422281_b5ed83d21afe4392991e50db09fb7bff, 大小: 85501999 字节
2025-09-10 15:48:19.744 +08:00 [INF] 用户 admin 下载文件 成功。桶: my-bucket, 原始名: TODO.txt, 存储名: admin_20250910150700561_4995760444e0455bb572e7278dfc9ca8, 大小: 358 字节
2025-09-10 15:48:24.453 +08:00 [INF] 用户 admin 下载文件 成功。桶: my-bucket, 原始名: 行政费用汇总表.xlsx, 存储名: admin_20250910141842981_db0c255b3a0642fa9652212d0cd67830, 大小: 10621 字节
2025-09-10 15:48:26.596 +08:00 [ERR] 下载文件失败。桶: my-bucket, 存储名: admin_20250910103022924_292834b5d7184b089b09ed481a742609, 原始名: test3.docx
Amazon.S3.AmazonS3Exception: The specified key does not exist.
 ---> Amazon.Runtime.Internal.HttpErrorResponseException: Exception of type 'Amazon.Runtime.Internal.HttpErrorResponseException' was thrown.
   at Amazon.Runtime.HttpWebRequestMessage.GetResponseAsync(CancellationToken cancellationToken)
   at Amazon.Runtime.Internal.HttpHandler`1.InvokeAsync[T](IExecutionContext executionContext)
   at Amazon.Runtime.Internal.RedirectHandler.InvokeAsync[T](IExecutionContext executionContext)
   at Amazon.Runtime.Internal.Unmarshaller.InvokeAsync[T](IExecutionContext executionContext)
   at Amazon.S3.Internal.AmazonS3ResponseHandler.InvokeAsync[T](IExecutionContext executionContext)
   at Amazon.Runtime.Internal.ErrorHandler.InvokeAsync[T](IExecutionContext executionContext)
   --- End of inner exception stack trace ---
   at Amazon.Runtime.Internal.HttpErrorResponseExceptionHandler.HandleExceptionStream(IRequestContext requestContext, IWebResponseData httpErrorResponse, HttpErrorResponseException exception, Stream responseStream)
   at Amazon.Runtime.Internal.HttpErrorResponseExceptionHandler.HandleExceptionAsync(IExecutionContext executionContext, HttpErrorResponseException exception)
   at Amazon.Runtime.Internal.ExceptionHandler`1.HandleAsync(IExecutionContext executionContext, Exception exception)
   at Amazon.Runtime.Internal.ErrorHandler.ProcessExceptionAsync(IExecutionContext executionContext, Exception exception)
   at Amazon.Runtime.Internal.ErrorHandler.InvokeAsync[T](IExecutionContext executionContext)
   at Amazon.Runtime.Internal.CallbackHandler.InvokeAsync[T](IExecutionContext executionContext)
   at Amazon.Runtime.Internal.EndpointDiscoveryHandler.InvokeAsync[T](IExecutionContext executionContext)
   at Amazon.Runtime.Internal.EndpointDiscoveryHandler.InvokeAsync[T](IExecutionContext executionContext)
   at Amazon.Runtime.Internal.CredentialsRetriever.InvokeAsync[T](IExecutionContext executionContext)
   at Amazon.Runtime.Internal.RetryHandler.InvokeAsync[T](IExecutionContext executionContext)
   at Amazon.Runtime.Internal.RetryHandler.InvokeAsync[T](IExecutionContext executionContext)
   at Amazon.Runtime.Internal.CallbackHandler.InvokeAsync[T](IExecutionContext executionContext)
   at Amazon.Runtime.Internal.CallbackHandler.InvokeAsync[T](IExecutionContext executionContext)
   at Amazon.S3.Internal.AmazonS3ExceptionHandler.InvokeAsync[T](IExecutionContext executionContext)
   at Amazon.Runtime.Internal.ErrorCallbackHandler.InvokeAsync[T](IExecutionContext executionContext)
   at Amazon.Runtime.Internal.MetricsHandler.InvokeAsync[T](IExecutionContext executionContext)
   at MinioWebBackend.Service.DownloadService.DownloadObjectAsStreamAsync(String bucketName, String objectName) in D:\bolo_backend\minio-web-backend\Service\DownloadService.cs:line 50
2025-09-10 15:48:30.237 +08:00 [ERR] 下载文件失败。桶: my-bucket, 存储名: admin_20250910103022924_292834b5d7184b089b09ed481a742609, 原始名: test3.docx
Amazon.S3.AmazonS3Exception: The specified key does not exist.
 ---> Amazon.Runtime.Internal.HttpErrorResponseException: Exception of type 'Amazon.Runtime.Internal.HttpErrorResponseException' was thrown.
   at Amazon.Runtime.HttpWebRequestMessage.GetResponseAsync(CancellationToken cancellationToken)
   at Amazon.Runtime.Internal.HttpHandler`1.InvokeAsync[T](IExecutionContext executionContext)
   at Amazon.Runtime.Internal.RedirectHandler.InvokeAsync[T](IExecutionContext executionContext)
   at Amazon.Runtime.Internal.Unmarshaller.InvokeAsync[T](IExecutionContext executionContext)
   at Amazon.S3.Internal.AmazonS3ResponseHandler.InvokeAsync[T](IExecutionContext executionContext)
   at Amazon.Runtime.Internal.ErrorHandler.InvokeAsync[T](IExecutionContext executionContext)
   --- End of inner exception stack trace ---
   at Amazon.Runtime.Internal.HttpErrorResponseExceptionHandler.HandleExceptionStream(IRequestContext requestContext, IWebResponseData httpErrorResponse, HttpErrorResponseException exception, Stream responseStream)
   at Amazon.Runtime.Internal.HttpErrorResponseExceptionHandler.HandleExceptionAsync(IExecutionContext executionContext, HttpErrorResponseException exception)
   at Amazon.Runtime.Internal.ExceptionHandler`1.HandleAsync(IExecutionContext executionContext, Exception exception)
   at Amazon.Runtime.Internal.ErrorHandler.ProcessExceptionAsync(IExecutionContext executionContext, Exception exception)
   at Amazon.Runtime.Internal.ErrorHandler.InvokeAsync[T](IExecutionContext executionContext)
   at Amazon.Runtime.Internal.CallbackHandler.InvokeAsync[T](IExecutionContext executionContext)
   at Amazon.Runtime.Internal.EndpointDiscoveryHandler.InvokeAsync[T](IExecutionContext executionContext)
   at Amazon.Runtime.Internal.EndpointDiscoveryHandler.InvokeAsync[T](IExecutionContext executionContext)
   at Amazon.Runtime.Internal.CredentialsRetriever.InvokeAsync[T](IExecutionContext executionContext)
   at Amazon.Runtime.Internal.RetryHandler.InvokeAsync[T](IExecutionContext executionContext)
   at Amazon.Runtime.Internal.RetryHandler.InvokeAsync[T](IExecutionContext executionContext)
   at Amazon.Runtime.Internal.CallbackHandler.InvokeAsync[T](IExecutionContext executionContext)
   at Amazon.Runtime.Internal.CallbackHandler.InvokeAsync[T](IExecutionContext executionContext)
   at Amazon.S3.Internal.AmazonS3ExceptionHandler.InvokeAsync[T](IExecutionContext executionContext)
   at Amazon.Runtime.Internal.ErrorCallbackHandler.InvokeAsync[T](IExecutionContext executionContext)
   at Amazon.Runtime.Internal.MetricsHandler.InvokeAsync[T](IExecutionContext executionContext)
   at MinioWebBackend.Service.DownloadService.DownloadObjectAsStreamAsync(String bucketName, String objectName) in D:\bolo_backend\minio-web-backend\Service\DownloadService.cs:line 50
2025-09-10 15:48:34.268 +08:00 [ERR] 下载文件失败。桶: my-bucket, 存储名: admin_20250910110031473_cfd2c2c1a6d140048f821bd0a3534c18, 原始名: 测试.docx
Amazon.S3.AmazonS3Exception: The specified key does not exist.
 ---> Amazon.Runtime.Internal.HttpErrorResponseException: Exception of type 'Amazon.Runtime.Internal.HttpErrorResponseException' was thrown.
   at Amazon.Runtime.HttpWebRequestMessage.GetResponseAsync(CancellationToken cancellationToken)
   at Amazon.Runtime.Internal.HttpHandler`1.InvokeAsync[T](IExecutionContext executionContext)
   at Amazon.Runtime.Internal.RedirectHandler.InvokeAsync[T](IExecutionContext executionContext)
   at Amazon.Runtime.Internal.Unmarshaller.InvokeAsync[T](IExecutionContext executionContext)
   at Amazon.S3.Internal.AmazonS3ResponseHandler.InvokeAsync[T](IExecutionContext executionContext)
   at Amazon.Runtime.Internal.ErrorHandler.InvokeAsync[T](IExecutionContext executionContext)
   --- End of inner exception stack trace ---
   at Amazon.Runtime.Internal.HttpErrorResponseExceptionHandler.HandleExceptionStream(IRequestContext requestContext, IWebResponseData httpErrorResponse, HttpErrorResponseException exception, Stream responseStream)
   at Amazon.Runtime.Internal.HttpErrorResponseExceptionHandler.HandleExceptionAsync(IExecutionContext executionContext, HttpErrorResponseException exception)
   at Amazon.Runtime.Internal.ExceptionHandler`1.HandleAsync(IExecutionContext executionContext, Exception exception)
   at Amazon.Runtime.Internal.ErrorHandler.ProcessExceptionAsync(IExecutionContext executionContext, Exception exception)
   at Amazon.Runtime.Internal.ErrorHandler.InvokeAsync[T](IExecutionContext executionContext)
   at Amazon.Runtime.Internal.CallbackHandler.InvokeAsync[T](IExecutionContext executionContext)
   at Amazon.Runtime.Internal.EndpointDiscoveryHandler.InvokeAsync[T](IExecutionContext executionContext)
   at Amazon.Runtime.Internal.EndpointDiscoveryHandler.InvokeAsync[T](IExecutionContext executionContext)
   at Amazon.Runtime.Internal.CredentialsRetriever.InvokeAsync[T](IExecutionContext executionContext)
   at Amazon.Runtime.Internal.RetryHandler.InvokeAsync[T](IExecutionContext executionContext)
   at Amazon.Runtime.Internal.RetryHandler.InvokeAsync[T](IExecutionContext executionContext)
   at Amazon.Runtime.Internal.CallbackHandler.InvokeAsync[T](IExecutionContext executionContext)
   at Amazon.Runtime.Internal.CallbackHandler.InvokeAsync[T](IExecutionContext executionContext)
   at Amazon.S3.Internal.AmazonS3ExceptionHandler.InvokeAsync[T](IExecutionContext executionContext)
   at Amazon.Runtime.Internal.ErrorCallbackHandler.InvokeAsync[T](IExecutionContext executionContext)
   at Amazon.Runtime.Internal.MetricsHandler.InvokeAsync[T](IExecutionContext executionContext)
   at MinioWebBackend.Service.DownloadService.DownloadObjectAsStreamAsync(String bucketName, String objectName) in D:\bolo_backend\minio-web-backend\Service\DownloadService.cs:line 50
2025-09-10 15:48:34.681 +08:00 [ERR] 下载文件失败。桶: my-bucket, 存储名: admin_20250910110031473_cfd2c2c1a6d140048f821bd0a3534c18, 原始名: 测试.docx
Amazon.S3.AmazonS3Exception: The specified key does not exist.
 ---> Amazon.Runtime.Internal.HttpErrorResponseException: Exception of type 'Amazon.Runtime.Internal.HttpErrorResponseException' was thrown.
   at Amazon.Runtime.HttpWebRequestMessage.GetResponseAsync(CancellationToken cancellationToken)
   at Amazon.Runtime.Internal.HttpHandler`1.InvokeAsync[T](IExecutionContext executionContext)
   at Amazon.Runtime.Internal.RedirectHandler.InvokeAsync[T](IExecutionContext executionContext)
   at Amazon.Runtime.Internal.Unmarshaller.InvokeAsync[T](IExecutionContext executionContext)
   at Amazon.S3.Internal.AmazonS3ResponseHandler.InvokeAsync[T](IExecutionContext executionContext)
   at Amazon.Runtime.Internal.ErrorHandler.InvokeAsync[T](IExecutionContext executionContext)
   --- End of inner exception stack trace ---
   at Amazon.Runtime.Internal.HttpErrorResponseExceptionHandler.HandleExceptionStream(IRequestContext requestContext, IWebResponseData httpErrorResponse, HttpErrorResponseException exception, Stream responseStream)
   at Amazon.Runtime.Internal.HttpErrorResponseExceptionHandler.HandleExceptionAsync(IExecutionContext executionContext, HttpErrorResponseException exception)
   at Amazon.Runtime.Internal.ExceptionHandler`1.HandleAsync(IExecutionContext executionContext, Exception exception)
   at Amazon.Runtime.Internal.ErrorHandler.ProcessExceptionAsync(IExecutionContext executionContext, Exception exception)
   at Amazon.Runtime.Internal.ErrorHandler.InvokeAsync[T](IExecutionContext executionContext)
   at Amazon.Runtime.Internal.CallbackHandler.InvokeAsync[T](IExecutionContext executionContext)
   at Amazon.Runtime.Internal.EndpointDiscoveryHandler.InvokeAsync[T](IExecutionContext executionContext)
   at Amazon.Runtime.Internal.EndpointDiscoveryHandler.InvokeAsync[T](IExecutionContext executionContext)
   at Amazon.Runtime.Internal.CredentialsRetriever.InvokeAsync[T](IExecutionContext executionContext)
   at Amazon.Runtime.Internal.RetryHandler.InvokeAsync[T](IExecutionContext executionContext)
   at Amazon.Runtime.Internal.RetryHandler.InvokeAsync[T](IExecutionContext executionContext)
   at Amazon.Runtime.Internal.CallbackHandler.InvokeAsync[T](IExecutionContext executionContext)
   at Amazon.Runtime.Internal.CallbackHandler.InvokeAsync[T](IExecutionContext executionContext)
   at Amazon.S3.Internal.AmazonS3ExceptionHandler.InvokeAsync[T](IExecutionContext executionContext)
   at Amazon.Runtime.Internal.ErrorCallbackHandler.InvokeAsync[T](IExecutionContext executionContext)
   at Amazon.Runtime.Internal.MetricsHandler.InvokeAsync[T](IExecutionContext executionContext)
   at MinioWebBackend.Service.DownloadService.DownloadObjectAsStreamAsync(String bucketName, String objectName) in D:\bolo_backend\minio-web-backend\Service\DownloadService.cs:line 50
2025-09-10 15:48:34.841 +08:00 [ERR] 下载文件失败。桶: my-bucket, 存储名: admin_20250910110031473_cfd2c2c1a6d140048f821bd0a3534c18, 原始名: 测试.docx
Amazon.S3.AmazonS3Exception: The specified key does not exist.
 ---> Amazon.Runtime.Internal.HttpErrorResponseException: Exception of type 'Amazon.Runtime.Internal.HttpErrorResponseException' was thrown.
   at Amazon.Runtime.HttpWebRequestMessage.GetResponseAsync(CancellationToken cancellationToken)
   at Amazon.Runtime.Internal.HttpHandler`1.InvokeAsync[T](IExecutionContext executionContext)
   at Amazon.Runtime.Internal.RedirectHandler.InvokeAsync[T](IExecutionContext executionContext)
   at Amazon.Runtime.Internal.Unmarshaller.InvokeAsync[T](IExecutionContext executionContext)
   at Amazon.S3.Internal.AmazonS3ResponseHandler.InvokeAsync[T](IExecutionContext executionContext)
   at Amazon.Runtime.Internal.ErrorHandler.InvokeAsync[T](IExecutionContext executionContext)
   --- End of inner exception stack trace ---
   at Amazon.Runtime.Internal.HttpErrorResponseExceptionHandler.HandleExceptionStream(IRequestContext requestContext, IWebResponseData httpErrorResponse, HttpErrorResponseException exception, Stream responseStream)
   at Amazon.Runtime.Internal.HttpErrorResponseExceptionHandler.HandleExceptionAsync(IExecutionContext executionContext, HttpErrorResponseException exception)
   at Amazon.Runtime.Internal.ExceptionHandler`1.HandleAsync(IExecutionContext executionContext, Exception exception)
   at Amazon.Runtime.Internal.ErrorHandler.ProcessExceptionAsync(IExecutionContext executionContext, Exception exception)
   at Amazon.Runtime.Internal.ErrorHandler.InvokeAsync[T](IExecutionContext executionContext)
   at Amazon.Runtime.Internal.CallbackHandler.InvokeAsync[T](IExecutionContext executionContext)
   at Amazon.Runtime.Internal.EndpointDiscoveryHandler.InvokeAsync[T](IExecutionContext executionContext)
   at Amazon.Runtime.Internal.EndpointDiscoveryHandler.InvokeAsync[T](IExecutionContext executionContext)
   at Amazon.Runtime.Internal.CredentialsRetriever.InvokeAsync[T](IExecutionContext executionContext)
   at Amazon.Runtime.Internal.RetryHandler.InvokeAsync[T](IExecutionContext executionContext)
   at Amazon.Runtime.Internal.RetryHandler.InvokeAsync[T](IExecutionContext executionContext)
   at Amazon.Runtime.Internal.CallbackHandler.InvokeAsync[T](IExecutionContext executionContext)
   at Amazon.Runtime.Internal.CallbackHandler.InvokeAsync[T](IExecutionContext executionContext)
   at Amazon.S3.Internal.AmazonS3ExceptionHandler.InvokeAsync[T](IExecutionContext executionContext)
   at Amazon.Runtime.Internal.ErrorCallbackHandler.InvokeAsync[T](IExecutionContext executionContext)
   at Amazon.Runtime.Internal.MetricsHandler.InvokeAsync[T](IExecutionContext executionContext)
   at MinioWebBackend.Service.DownloadService.DownloadObjectAsStreamAsync(String bucketName, String objectName) in D:\bolo_backend\minio-web-backend\Service\DownloadService.cs:line 50
2025-09-10 15:48:34.998 +08:00 [ERR] 下载文件失败。桶: my-bucket, 存储名: admin_20250910110031473_cfd2c2c1a6d140048f821bd0a3534c18, 原始名: 测试.docx
Amazon.S3.AmazonS3Exception: The specified key does not exist.
 ---> Amazon.Runtime.Internal.HttpErrorResponseException: Exception of type 'Amazon.Runtime.Internal.HttpErrorResponseException' was thrown.
   at Amazon.Runtime.HttpWebRequestMessage.GetResponseAsync(CancellationToken cancellationToken)
   at Amazon.Runtime.Internal.HttpHandler`1.InvokeAsync[T](IExecutionContext executionContext)
   at Amazon.Runtime.Internal.RedirectHandler.InvokeAsync[T](IExecutionContext executionContext)
   at Amazon.Runtime.Internal.Unmarshaller.InvokeAsync[T](IExecutionContext executionContext)
   at Amazon.S3.Internal.AmazonS3ResponseHandler.InvokeAsync[T](IExecutionContext executionContext)
   at Amazon.Runtime.Internal.ErrorHandler.InvokeAsync[T](IExecutionContext executionContext)
   --- End of inner exception stack trace ---
   at Amazon.Runtime.Internal.HttpErrorResponseExceptionHandler.HandleExceptionStream(IRequestContext requestContext, IWebResponseData httpErrorResponse, HttpErrorResponseException exception, Stream responseStream)
   at Amazon.Runtime.Internal.HttpErrorResponseExceptionHandler.HandleExceptionAsync(IExecutionContext executionContext, HttpErrorResponseException exception)
   at Amazon.Runtime.Internal.ExceptionHandler`1.HandleAsync(IExecutionContext executionContext, Exception exception)
   at Amazon.Runtime.Internal.ErrorHandler.ProcessExceptionAsync(IExecutionContext executionContext, Exception exception)
   at Amazon.Runtime.Internal.ErrorHandler.InvokeAsync[T](IExecutionContext executionContext)
   at Amazon.Runtime.Internal.CallbackHandler.InvokeAsync[T](IExecutionContext executionContext)
   at Amazon.Runtime.Internal.EndpointDiscoveryHandler.InvokeAsync[T](IExecutionContext executionContext)
   at Amazon.Runtime.Internal.EndpointDiscoveryHandler.InvokeAsync[T](IExecutionContext executionContext)
   at Amazon.Runtime.Internal.CredentialsRetriever.InvokeAsync[T](IExecutionContext executionContext)
   at Amazon.Runtime.Internal.RetryHandler.InvokeAsync[T](IExecutionContext executionContext)
   at Amazon.Runtime.Internal.RetryHandler.InvokeAsync[T](IExecutionContext executionContext)
   at Amazon.Runtime.Internal.CallbackHandler.InvokeAsync[T](IExecutionContext executionContext)
   at Amazon.Runtime.Internal.CallbackHandler.InvokeAsync[T](IExecutionContext executionContext)
   at Amazon.S3.Internal.AmazonS3ExceptionHandler.InvokeAsync[T](IExecutionContext executionContext)
   at Amazon.Runtime.Internal.ErrorCallbackHandler.InvokeAsync[T](IExecutionContext executionContext)
   at Amazon.Runtime.Internal.MetricsHandler.InvokeAsync[T](IExecutionContext executionContext)
   at MinioWebBackend.Service.DownloadService.DownloadObjectAsStreamAsync(String bucketName, String objectName) in D:\bolo_backend\minio-web-backend\Service\DownloadService.cs:line 50
2025-09-10 16:05:21.076 +08:00 [INF] 用户 admin 下载文件 成功。桶: my-bucket, 原始名: TODO.txt, 存储名: admin_20250910150700561_4995760444e0455bb572e7278dfc9ca8, 大小: 358 字节
2025-09-10 16:06:19.108 +08:00 [INF] 用户 admin 于 "2025-09-10T16:06:19.0587999+08:00" 成功上传文件 测试docx.docx, 存储名 admin_20250910160618977_9a660c480d624ed18011d5a2afe10c38, 标签： , 大小 13555 字节
2025-09-10 16:06:23.249 +08:00 [INF] 用户 admin 下载文件 成功。桶: my-bucket, 原始名: 测试docx.docx, 存储名: admin_20250910160618977_9a660c480d624ed18011d5a2afe10c38, 大小: 13555 字节
2025-09-10 16:12:16.518 +08:00 [INF] 用户退出：admin
2025-09-10 16:12:17.245 +08:00 [INF] 用户登录成功：admin
2025-09-10 16:12:21.163 +08:00 [INF] 用户 admin 下载文件 成功。桶: my-bucket, 原始名: 测试docx.docx, 存储名: admin_20250910160618977_9a660c480d624ed18011d5a2afe10c38, 大小: 13555 字节
2025-09-10 16:12:24.191 +08:00 [INF] 用户 admin 下载文件 成功。桶: my-bucket, 原始名: pptx.pptx, 存储名: admin_20250910153422281_b5ed83d21afe4392991e50db09fb7bff, 大小: 85501999 字节
2025-09-10 16:12:31.540 +08:00 [INF] 用户 admin 下载文件 成功。桶: my-bucket, 原始名: pptx.pptx, 存储名: admin_20250910153422281_b5ed83d21afe4392991e50db09fb7bff, 大小: 85501999 字节
2025-09-10 16:13:53.003 +08:00 [INF] 用户退出：admin
2025-09-10 16:13:55.219 +08:00 [INF] 用户登录成功：admin
2025-09-10 16:13:57.858 +08:00 [INF] 用户 admin 下载文件 成功。桶: my-bucket, 原始名: pptx.pptx, 存储名: admin_20250910153422281_b5ed83d21afe4392991e50db09fb7bff, 大小: 85501999 字节
2025-09-10 16:14:44.551 +08:00 [INF] 用户登录成功：admin
2025-09-10 16:14:51.258 +08:00 [INF] 用户 admin 下载文件 成功。桶: my-bucket, 原始名: pptx.pptx, 存储名: admin_20250910153422281_b5ed83d21afe4392991e50db09fb7bff, 大小: 85501999 字节
2025-09-10 16:17:26.573 +08:00 [INF] 用户退出：admin
2025-09-10 16:17:27.157 +08:00 [INF] 用户登录成功：admin
2025-09-10 16:17:31.458 +08:00 [INF] 用户 admin 下载文件 成功。桶: my-bucket, 原始名: pptx.pptx, 存储名: admin_20250910153422281_b5ed83d21afe4392991e50db09fb7bff, 大小: 85501999 字节
2025-09-10 16:18:41.208 +08:00 [INF] 用户退出：admin
2025-09-10 16:18:43.266 +08:00 [INF] 用户登录成功：admin
2025-09-10 16:18:45.903 +08:00 [INF] 用户 admin 下载文件 成功。桶: my-bucket, 原始名: pptx.pptx, 存储名: admin_20250910153422281_b5ed83d21afe4392991e50db09fb7bff, 大小: 85501999 字节
2025-09-10 16:19:22.491 +08:00 [INF] 用户退出：admin
2025-09-10 16:19:25.996 +08:00 [INF] 用户登录成功：admin
2025-09-10 16:19:33.604 +08:00 [INF] 用户 admin 下载文件 成功。桶: my-bucket, 原始名: TODO.txt, 存储名: admin_20250910150700561_4995760444e0455bb572e7278dfc9ca8, 大小: 358 字节
2025-09-10 16:19:36.497 +08:00 [INF] 用户 admin 下载文件 成功。桶: my-bucket, 原始名: pptx.pptx, 存储名: admin_20250910153422281_b5ed83d21afe4392991e50db09fb7bff, 大小: 85501999 字节
2025-09-10 16:20:01.761 +08:00 [INF] 用户退出：admin
2025-09-10 16:20:06.736 +08:00 [INF] 用户登录成功：admin
2025-09-10 16:20:09.205 +08:00 [INF] 用户 admin 下载文件 成功。桶: my-bucket, 原始名: pptx.pptx, 存储名: admin_20250910153422281_b5ed83d21afe4392991e50db09fb7bff, 大小: 85501999 字节
2025-09-10 16:23:12.691 +08:00 [INF] 用户 admin 于 "2025-09-10T16:23:12.6786382+08:00" 成功上传文件 pptx.pptx, 存储名 admin_20250910162312476_48d4e453ab284d6ab8ab15482b7317d9, 标签： , 大小 1842987 字节
2025-09-10 16:23:15.963 +08:00 [INF] 用户 admin 下载文件 成功。桶: my-bucket, 原始名: pptx.pptx, 存储名: admin_20250910153422281_b5ed83d21afe4392991e50db09fb7bff, 大小: 85501999 字节
2025-09-10 16:23:57.475 +08:00 [INF] 用户 admin 下载文件 成功。桶: my-bucket, 原始名: pptx.pptx, 存储名: admin_20250910153422281_b5ed83d21afe4392991e50db09fb7bff, 大小: 85501999 字节
2025-09-10 16:26:58.781 +08:00 [INF] 用户退出：admin
2025-09-10 16:27:02.177 +08:00 [INF] 用户登录成功：admin
2025-09-10 16:28:02.904 +08:00 [INF] 用户 admin 下载文件 成功。桶: my-bucket, 原始名: pptx.pptx, 存储名: admin_20250910153422281_b5ed83d21afe4392991e50db09fb7bff, 大小: 85501999 字节
2025-09-10 16:29:19.393 +08:00 [INF] 用户 admin 下载文件 成功。桶: my-bucket, 原始名: pptx.pptx, 存储名: admin_20250910153422281_b5ed83d21afe4392991e50db09fb7bff, 大小: 85501999 字节
2025-09-10 16:31:10.848 +08:00 [INF] 用户 admin 下载文件 成功。桶: my-bucket, 原始名: pptx.pptx, 存储名: admin_20250910153422281_b5ed83d21afe4392991e50db09fb7bff, 大小: 85501999 字节
2025-09-10 16:45:32.209 +08:00 [INF] 用户 admin 下载文件 成功。桶: my-bucket, 原始名: pptx.pptx, 存储名: admin_20250910153422281_b5ed83d21afe4392991e50db09fb7bff, 大小: 85501999 字节
2025-09-10 16:46:43.664 +08:00 [INF] 用户 admin 下载文件 成功。桶: my-bucket, 原始名: pptx.pptx, 存储名: admin_20250910153422281_b5ed83d21afe4392991e50db09fb7bff, 大小: 85501999 字节
2025-09-10 16:47:16.005 +08:00 [INF] 用户 admin 下载文件 成功。桶: my-bucket, 原始名: pptx.pptx, 存储名: admin_20250910153422281_b5ed83d21afe4392991e50db09fb7bff, 大小: 85501999 字节
2025-09-10 16:48:14.269 +08:00 [INF] 用户 admin 于 "2025-09-10T16:48:14.2613353+08:00" 成功上传文件 1.pptx, 存储名 admin_20250910164814059_f9c3972ed0504fc5bfd1d46061953d11, 标签： , 大小 1842987 字节
2025-09-10 16:48:16.639 +08:00 [INF] 用户 admin 下载文件 成功。桶: my-bucket, 原始名: 1.pptx, 存储名: admin_20250910164814059_f9c3972ed0504fc5bfd1d46061953d11, 大小: 1842987 字节
2025-09-10 16:48:22.443 +08:00 [INF] 用户 admin 下载文件 成功。桶: my-bucket, 原始名: 1.pptx, 存储名: admin_20250910164814059_f9c3972ed0504fc5bfd1d46061953d11, 大小: 1842987 字节
2025-09-10 16:49:24.319 +08:00 [INF] 用户 admin 下载文件 成功。桶: my-bucket, 原始名: 1.pptx, 存储名: admin_20250910164814059_f9c3972ed0504fc5bfd1d46061953d11, 大小: 1842987 字节
2025-09-10 16:53:00.376 +08:00 [INF] 用户 admin 下载文件 成功。桶: my-bucket, 原始名: 1.pptx, 存储名: admin_20250910164814059_f9c3972ed0504fc5bfd1d46061953d11, 大小: 1842987 字节
2025-09-10 16:53:06.690 +08:00 [INF] 用户 admin 下载文件 成功。桶: my-bucket, 原始名: pptx.pptx, 存储名: admin_20250910153422281_b5ed83d21afe4392991e50db09fb7bff, 大小: 85501999 字节
2025-09-10 16:53:27.236 +08:00 [INF] 用户 admin 下载文件 成功。桶: my-bucket, 原始名: pptx.pptx, 存储名: admin_20250910153422281_b5ed83d21afe4392991e50db09fb7bff, 大小: 85501999 字节
2025-09-10 16:55:22.371 +08:00 [INF] 用户 admin 于 "2025-09-10T16:55:22.3627921+08:00" 成功上传文件 1.txt, 存储名 admin_20250910165522338_98d5f44d028f46199a42e1d751d844ab, 标签： , 大小 5 字节
2025-09-10 16:55:32.264 +08:00 [INF] 用户 admin 于 "2025-09-10T16:55:32.2604606+08:00" 成功上传文件 1.txt, 存储名 admin_20250910165532237_e55550177b4446b3a5688b528a8ba33f, 标签： , 大小 5 字节
2025-09-10 16:55:34.653 +08:00 [INF] 用户 admin 下载文件 成功。桶: my-bucket, 原始名: 1.txt, 存储名: admin_20250910165522338_98d5f44d028f46199a42e1d751d844ab, 大小: 5 字节
2025-09-10 16:55:36.395 +08:00 [INF] 用户 admin 下载文件 成功。桶: my-bucket, 原始名: 1.txt, 存储名: admin_20250910165522338_98d5f44d028f46199a42e1d751d844ab, 大小: 5 字节
2025-09-10 16:59:23.684 +08:00 [INF] 用户 admin 下载文件 成功。桶: my-bucket, 原始名: 1.txt, 存储名: admin_20250910165522338_98d5f44d028f46199a42e1d751d844ab, 大小: 5 字节
2025-09-10 16:59:35.547 +08:00 [INF] 用户 admin 下载文件 成功。桶: my-bucket, 原始名: 1.txt, 存储名: admin_20250910165522338_98d5f44d028f46199a42e1d751d844ab, 大小: 5 字节
2025-09-10 18:06:07.769 +08:00 [INF] 用户退出：admin
2025-09-10 18:06:08.583 +08:00 [INF] 用户登录成功：admin
2025-09-10 18:06:12.287 +08:00 [INF] 用户 admin 下载文件 成功。桶: my-bucket, 原始名: 1.txt, 存储名: admin_20250910165532237_e55550177b4446b3a5688b528a8ba33f, 大小: 5 字节
2025-09-10 18:06:14.479 +08:00 [INF] 用户 admin 下载文件 成功。桶: my-bucket, 原始名: 1.txt, 存储名: admin_20250910165522338_98d5f44d028f46199a42e1d751d844ab, 大小: 5 字节
2025-09-10 18:06:17.059 +08:00 [INF] 用户 admin 下载文件 成功。桶: my-bucket, 原始名: 1.txt, 存储名: admin_20250910165532237_e55550177b4446b3a5688b528a8ba33f, 大小: 5 字节
2025-09-10 18:06:20.127 +08:00 [INF] 用户 admin 下载文件 成功。桶: my-bucket, 原始名: 1.txt, 存储名: admin_20250910165522338_98d5f44d028f46199a42e1d751d844ab, 大小: 5 字节
2025-09-10 18:06:40.003 +08:00 [INF] 用户 admin 下载文件 成功。桶: my-bucket, 原始名: 1.txt, 存储名: admin_20250910165532237_e55550177b4446b3a5688b528a8ba33f, 大小: 5 字节
2025-09-10 18:06:40.021 +08:00 [INF] 用户 admin 下载文件 成功。桶: my-bucket, 原始名: 1.txt, 存储名: admin_20250910165522338_98d5f44d028f46199a42e1d751d844ab, 大小: 5 字节
2025-09-10 18:16:01.864 +08:00 [INF] 用户 admin 下载文件 成功。桶: my-bucket, 原始名: 1.txt, 存储名: admin_20250910165532237_e55550177b4446b3a5688b528a8ba33f, 大小: 5 字节
2025-09-10 18:16:07.367 +08:00 [INF] 【编辑文件】用户 admin 标签变更：新增 [1]，移除 []
2025-09-10 18:22:13.189 +08:00 [INF] 用户退出：admin
2025-09-10 18:22:13.934 +08:00 [INF] 用户登录成功：admin
2025-09-10 18:38:04.853 +08:00 [INF] 用户登录成功：test
2025-09-10 18:45:37.251 +08:00 [INF] 用户 admin 于 "2025-09-10T18:45:37.2127460+08:00" 成功上传文件 TODO.txt, 存储名 admin_20250910184537119_4222c8b343414a7b80714be246d24482, 标签： , 大小 414 字节
2025-09-10 19:03:47.314 +08:00 [INF] 用户退出：admin
2025-09-10 19:03:48.056 +08:00 [INF] 用户登录成功：admin
