2025-09-12 10:04:32.775 +08:00 [INF] 用户登录成功：admin
2025-09-12 10:04:43.186 +08:00 [INF] 用户 admin 下载文件 成功。桶: my-bucket, 原始名: 1.pptx, 存储名: admin_20250911150039490_d5f76ef8ade4482e8a9dc072a6bfb913, 大小: 1842987 字节
2025-09-12 10:04:47.994 +08:00 [INF] 用户退出：admin
2025-09-12 10:04:48.794 +08:00 [INF] 用户登录成功：admin
2025-09-12 11:33:44.180 +08:00 [ERR] 日志查询失败，参数: {"Levels":[4],"MessageKeyword":"\u6570\u636E\u5E93","ExceptionKeyword":null,"TimestampStart":"2024-09-01T00:00:00Z","TimestampEnd":"2024-09-13T23:59:59Z","PropertyFilters":{"MachineName":"localhost","ThreadId":"5"},"PageIndex":1,"PageSize":10}
System.InvalidOperationException: The LINQ expression 'DbSet<SerilogLog>()
    .Where(s => __levelStrings_0
        .Contains(s.Level))
    .Where(s => s.Message.Contains(__request_MessageKeyword_1))
    .Where(s => s.Timestamp >= __request_TimestampStart_Value_2)
    .Where(s => s.Timestamp <= __request_TimestampEnd_Value_3)
    .Where(s => s.Properties != null && __Functions_4
        .JsonUnquote(__Functions_4
            .JsonExtract(
                json: s.Properties, 
                paths: new string[]{ __Format_5 })) == __value_6)' could not be translated. Additional information: The query contained a new array expression containing non-constant elements, which could not be translated: 'new string[]{ __Format_5 }'. Either rewrite the query in a form that can be translated, or switch to client evaluation explicitly by inserting a call to 'AsEnumerable', 'AsAsyncEnumerable', 'ToList', or 'ToListAsync'. See https://go.microsoft.com/fwlink/?linkid=2101038 for more information.
   at Microsoft.EntityFrameworkCore.Query.QueryableMethodTranslatingExpressionVisitor.Translate(Expression expression)
   at Microsoft.EntityFrameworkCore.Query.QueryCompilationContext.CreateQueryExecutorExpression[TResult](Expression query)
   at Microsoft.EntityFrameworkCore.Query.QueryCompilationContext.CreateQueryExecutor[TResult](Expression query)
   at Microsoft.EntityFrameworkCore.Storage.Database.CompileQuery[TResult](Expression query, Boolean async)
   at Microsoft.EntityFrameworkCore.Query.Internal.QueryCompiler.CompileQueryCore[TResult](IDatabase database, Expression query, IModel model, Boolean async)
   at Microsoft.EntityFrameworkCore.Query.Internal.QueryCompiler.<>c__DisplayClass11_0`1.<ExecuteCore>b__0()
   at Microsoft.EntityFrameworkCore.Query.Internal.CompiledQueryCache.GetOrAddQuery[TResult](Object cacheKey, Func`1 compiler)
   at Microsoft.EntityFrameworkCore.Query.Internal.QueryCompiler.ExecuteCore[TResult](Expression query, Boolean async, CancellationToken cancellationToken)
   at Microsoft.EntityFrameworkCore.Query.Internal.QueryCompiler.ExecuteAsync[TResult](Expression query, CancellationToken cancellationToken)
   at Microsoft.EntityFrameworkCore.Query.Internal.EntityQueryProvider.ExecuteAsync[TResult](Expression expression, CancellationToken cancellationToken)
   at Microsoft.EntityFrameworkCore.EntityFrameworkQueryableExtensions.ExecuteAsync[TSource,TResult](MethodInfo operatorMethodInfo, IQueryable`1 source, Expression expression, CancellationToken cancellationToken)
   at Microsoft.EntityFrameworkCore.EntityFrameworkQueryableExtensions.ExecuteAsync[TSource,TResult](MethodInfo operatorMethodInfo, IQueryable`1 source, CancellationToken cancellationToken)
   at Microsoft.EntityFrameworkCore.EntityFrameworkQueryableExtensions.CountAsync[TSource](IQueryable`1 source, CancellationToken cancellationToken)
   at MinioWebBackend.Service.LogQueryService.QueryLogsAsync(LogQueryRequest request) in D:\bolo_backend\minio-web-backend\Service\LogQueryService.cs:line 74
   at MinioWebBackend.Controllers.LogQueryController.QueryLogs(LogQueryRequest request) in D:\bolo_backend\minio-web-backend\Controllers\LogQueryController.cs:line 34
2025-09-12 11:37:07.576 +08:00 [ERR] 日志查询失败，参数: {"Levels":[4],"MessageKeyword":"\u6570\u636E\u5E93","ExceptionKeyword":null,"TimestampStart":"2024-09-01T00:00:00Z","TimestampEnd":"2024-09-13T23:59:59Z","PropertyFilters":{"MachineName":"localhost","ThreadId":"5"},"PageIndex":1,"PageSize":10}
System.InvalidOperationException: The LINQ expression 'DbSet<SerilogLog>()
    .Where(s => __levelStrings_0
        .Contains(s.Level))
    .Where(s => s.Message.Contains(__request_MessageKeyword_1))
    .Where(s => s.Timestamp >= __request_TimestampStart_Value_2)
    .Where(s => s.Timestamp <= __request_TimestampEnd_Value_3)
    .Where(s => s.Properties != null && __Functions_4
        .JsonUnquote(__Functions_4
            .JsonExtract(
                json: s.Properties, 
                paths: new string[]{ __jsonPath_5 })) == __8__locals1_value_6)' could not be translated. Additional information: The query contained a new array expression containing non-constant elements, which could not be translated: 'new string[]{ __jsonPath_5 }'. Either rewrite the query in a form that can be translated, or switch to client evaluation explicitly by inserting a call to 'AsEnumerable', 'AsAsyncEnumerable', 'ToList', or 'ToListAsync'. See https://go.microsoft.com/fwlink/?linkid=2101038 for more information.
   at Microsoft.EntityFrameworkCore.Query.QueryableMethodTranslatingExpressionVisitor.Translate(Expression expression)
   at Microsoft.EntityFrameworkCore.Query.QueryCompilationContext.CreateQueryExecutorExpression[TResult](Expression query)
   at Microsoft.EntityFrameworkCore.Query.QueryCompilationContext.CreateQueryExecutor[TResult](Expression query)
   at Microsoft.EntityFrameworkCore.Storage.Database.CompileQuery[TResult](Expression query, Boolean async)
   at Microsoft.EntityFrameworkCore.Query.Internal.QueryCompiler.CompileQueryCore[TResult](IDatabase database, Expression query, IModel model, Boolean async)
   at Microsoft.EntityFrameworkCore.Query.Internal.QueryCompiler.<>c__DisplayClass11_0`1.<ExecuteCore>b__0()
   at Microsoft.EntityFrameworkCore.Query.Internal.CompiledQueryCache.GetOrAddQuery[TResult](Object cacheKey, Func`1 compiler)
   at Microsoft.EntityFrameworkCore.Query.Internal.QueryCompiler.ExecuteCore[TResult](Expression query, Boolean async, CancellationToken cancellationToken)
   at Microsoft.EntityFrameworkCore.Query.Internal.QueryCompiler.ExecuteAsync[TResult](Expression query, CancellationToken cancellationToken)
   at Microsoft.EntityFrameworkCore.Query.Internal.EntityQueryProvider.ExecuteAsync[TResult](Expression expression, CancellationToken cancellationToken)
   at Microsoft.EntityFrameworkCore.EntityFrameworkQueryableExtensions.ExecuteAsync[TSource,TResult](MethodInfo operatorMethodInfo, IQueryable`1 source, Expression expression, CancellationToken cancellationToken)
   at Microsoft.EntityFrameworkCore.EntityFrameworkQueryableExtensions.ExecuteAsync[TSource,TResult](MethodInfo operatorMethodInfo, IQueryable`1 source, CancellationToken cancellationToken)
   at Microsoft.EntityFrameworkCore.EntityFrameworkQueryableExtensions.CountAsync[TSource](IQueryable`1 source, CancellationToken cancellationToken)
   at MinioWebBackend.Service.LogQueryService.QueryLogsAsync(LogQueryRequest request) in D:\bolo_backend\minio-web-backend\Service\LogQueryService.cs:line 78
   at MinioWebBackend.Controllers.LogQueryController.QueryLogs(LogQueryRequest request) in D:\bolo_backend\minio-web-backend\Controllers\LogQueryController.cs:line 34
2025-09-12 11:37:13.329 +08:00 [ERR] 日志查询失败，参数: {"Levels":[4],"MessageKeyword":"\u6570\u636E\u5E93","ExceptionKeyword":null,"TimestampStart":"2024-09-01T00:00:00Z","TimestampEnd":"2024-09-13T23:59:59Z","PropertyFilters":{"MachineName":"localhost","ThreadId":"5"},"PageIndex":1,"PageSize":10}
System.InvalidOperationException: The LINQ expression 'DbSet<SerilogLog>()
    .Where(s => __levelStrings_0
        .Contains(s.Level))
    .Where(s => s.Message.Contains(__request_MessageKeyword_1))
    .Where(s => s.Timestamp >= __request_TimestampStart_Value_2)
    .Where(s => s.Timestamp <= __request_TimestampEnd_Value_3)
    .Where(s => s.Properties != null && __Functions_4
        .JsonUnquote(__Functions_4
            .JsonExtract(
                json: s.Properties, 
                paths: new string[]{ __jsonPath_5 })) == __8__locals1_value_6)' could not be translated. Additional information: The query contained a new array expression containing non-constant elements, which could not be translated: 'new string[]{ __jsonPath_5 }'. Either rewrite the query in a form that can be translated, or switch to client evaluation explicitly by inserting a call to 'AsEnumerable', 'AsAsyncEnumerable', 'ToList', or 'ToListAsync'. See https://go.microsoft.com/fwlink/?linkid=2101038 for more information.
   at Microsoft.EntityFrameworkCore.Query.QueryableMethodTranslatingExpressionVisitor.Translate(Expression expression)
   at Microsoft.EntityFrameworkCore.Query.QueryCompilationContext.CreateQueryExecutorExpression[TResult](Expression query)
   at Microsoft.EntityFrameworkCore.Query.QueryCompilationContext.CreateQueryExecutor[TResult](Expression query)
   at Microsoft.EntityFrameworkCore.Storage.Database.CompileQuery[TResult](Expression query, Boolean async)
   at Microsoft.EntityFrameworkCore.Query.Internal.QueryCompiler.CompileQueryCore[TResult](IDatabase database, Expression query, IModel model, Boolean async)
   at Microsoft.EntityFrameworkCore.Query.Internal.QueryCompiler.<>c__DisplayClass11_0`1.<ExecuteCore>b__0()
   at Microsoft.EntityFrameworkCore.Query.Internal.CompiledQueryCache.GetOrAddQuery[TResult](Object cacheKey, Func`1 compiler)
   at Microsoft.EntityFrameworkCore.Query.Internal.QueryCompiler.ExecuteCore[TResult](Expression query, Boolean async, CancellationToken cancellationToken)
   at Microsoft.EntityFrameworkCore.Query.Internal.QueryCompiler.ExecuteAsync[TResult](Expression query, CancellationToken cancellationToken)
   at Microsoft.EntityFrameworkCore.Query.Internal.EntityQueryProvider.ExecuteAsync[TResult](Expression expression, CancellationToken cancellationToken)
   at Microsoft.EntityFrameworkCore.EntityFrameworkQueryableExtensions.ExecuteAsync[TSource,TResult](MethodInfo operatorMethodInfo, IQueryable`1 source, Expression expression, CancellationToken cancellationToken)
   at Microsoft.EntityFrameworkCore.EntityFrameworkQueryableExtensions.ExecuteAsync[TSource,TResult](MethodInfo operatorMethodInfo, IQueryable`1 source, CancellationToken cancellationToken)
   at Microsoft.EntityFrameworkCore.EntityFrameworkQueryableExtensions.CountAsync[TSource](IQueryable`1 source, CancellationToken cancellationToken)
   at MinioWebBackend.Service.LogQueryService.QueryLogsAsync(LogQueryRequest request) in D:\bolo_backend\minio-web-backend\Service\LogQueryService.cs:line 78
   at MinioWebBackend.Controllers.LogQueryController.QueryLogs(LogQueryRequest request) in D:\bolo_backend\minio-web-backend\Controllers\LogQueryController.cs:line 34
2025-09-12 11:56:12.166 +08:00 [ERR] 日志查询失败，参数: {"Levels":[4],"MessageKeyword":"\u6570\u636E\u5E93","ExceptionKeyword":null,"TimestampStart":"2024-09-01T00:00:00Z","TimestampEnd":"2024-09-13T23:59:59Z","PropertyFilters":{"MachineName":"localhost","ThreadId":"5"},"PageIndex":1,"PageSize":10}
System.InvalidOperationException: The LINQ expression 'DbSet<SerilogLog>()
    .Where(s => __levelStrings_0
        .Contains(s.Level))
    .Where(s => s.Message.Contains(__request_MessageKeyword_1))
    .Where(s => s.Timestamp >= __request_TimestampStart_Value_2)
    .Where(s => s.Timestamp <= __request_TimestampEnd_Value_3)
    .Where(s => s.Properties != null && SqlServerJsonFunctions.JsonValue(
        _: __Functions_4, 
        expression: s.Properties, 
        path: __jsonPath_5) == __targetValue_6)' could not be translated. Additional information: Translation of method 'MinioWebBackend.Service.SqlServerJsonFunctions.JsonValue' failed. If this method can be mapped to your custom function, see https://go.microsoft.com/fwlink/?linkid=2132413 for more information. Either rewrite the query in a form that can be translated, or switch to client evaluation explicitly by inserting a call to 'AsEnumerable', 'AsAsyncEnumerable', 'ToList', or 'ToListAsync'. See https://go.microsoft.com/fwlink/?linkid=2101038 for more information.
   at Microsoft.EntityFrameworkCore.Query.QueryableMethodTranslatingExpressionVisitor.Translate(Expression expression)
   at Microsoft.EntityFrameworkCore.Query.RelationalQueryableMethodTranslatingExpressionVisitor.Translate(Expression expression)
   at Microsoft.EntityFrameworkCore.Query.QueryCompilationContext.CreateQueryExecutor[TResult](Expression query)
   at Microsoft.EntityFrameworkCore.Storage.Database.CompileQuery[TResult](Expression query, Boolean async)
   at Microsoft.EntityFrameworkCore.Query.Internal.QueryCompiler.CompileQueryCore[TResult](IDatabase database, Expression query, IModel model, Boolean async)
   at Microsoft.EntityFrameworkCore.Query.Internal.QueryCompiler.<>c__DisplayClass12_0`1.<ExecuteAsync>b__0()
   at Microsoft.EntityFrameworkCore.Query.Internal.CompiledQueryCache.GetOrAddQuery[TResult](Object cacheKey, Func`1 compiler)
   at Microsoft.EntityFrameworkCore.Query.Internal.QueryCompiler.ExecuteAsync[TResult](Expression query, CancellationToken cancellationToken)
   at Microsoft.EntityFrameworkCore.Query.Internal.EntityQueryProvider.ExecuteAsync[TResult](Expression expression, CancellationToken cancellationToken)
   at Microsoft.EntityFrameworkCore.EntityFrameworkQueryableExtensions.ExecuteAsync[TSource,TResult](MethodInfo operatorMethodInfo, IQueryable`1 source, Expression expression, CancellationToken cancellationToken)
   at Microsoft.EntityFrameworkCore.EntityFrameworkQueryableExtensions.ExecuteAsync[TSource,TResult](MethodInfo operatorMethodInfo, IQueryable`1 source, CancellationToken cancellationToken)
   at Microsoft.EntityFrameworkCore.EntityFrameworkQueryableExtensions.CountAsync[TSource](IQueryable`1 source, CancellationToken cancellationToken)
   at MinioWebBackend.Service.LogQueryService.QueryLogsAsync(LogQueryRequest request) in D:\bolo_backend\minio-web-backend\Service\LogQueryService.cs:line 71
   at MinioWebBackend.Controllers.LogQueryController.QueryLogs(LogQueryRequest request) in D:\bolo_backend\minio-web-backend\Controllers\LogQueryController.cs:line 34
2025-09-12 13:42:56.726 +08:00 [ERR] 日志查询失败，参数: {"Levels":[4],"MessageKeyword":"\u6570\u636E\u5E93","ExceptionKeyword":null,"TimestampStart":"2024-09-01T00:00:00Z","TimestampEnd":"2024-09-13T23:59:59Z","PropertyFilters":{"MachineName":"localhost","ThreadId":"5"},"PageIndex":1,"PageSize":10}
System.InvalidOperationException: The LINQ expression 'DbSet<SerilogLog>()
    .Where(s => __levelStrings_0
        .Contains(s.Level))
    .Where(s => s.Message.Contains(__request_MessageKeyword_1))
    .Where(s => s.Timestamp >= __request_TimestampStart_Value_2)
    .Where(s => s.Timestamp <= __request_TimestampEnd_Value_3)
    .Where(s => s.Properties != null && SqlServerJsonFunctions.JsonValue(
        _: __Functions_4, 
        expression: s.Properties, 
        path: __jsonPath_5) == __targetValue_6)' could not be translated. Additional information: Translation of method 'MinioWebBackend.Service.SqlServerJsonFunctions.JsonValue' failed. If this method can be mapped to your custom function, see https://go.microsoft.com/fwlink/?linkid=2132413 for more information. Either rewrite the query in a form that can be translated, or switch to client evaluation explicitly by inserting a call to 'AsEnumerable', 'AsAsyncEnumerable', 'ToList', or 'ToListAsync'. See https://go.microsoft.com/fwlink/?linkid=2101038 for more information.
   at Microsoft.EntityFrameworkCore.Query.QueryableMethodTranslatingExpressionVisitor.Translate(Expression expression)
   at Microsoft.EntityFrameworkCore.Query.RelationalQueryableMethodTranslatingExpressionVisitor.Translate(Expression expression)
   at Microsoft.EntityFrameworkCore.Query.QueryCompilationContext.CreateQueryExecutor[TResult](Expression query)
   at Microsoft.EntityFrameworkCore.Storage.Database.CompileQuery[TResult](Expression query, Boolean async)
   at Microsoft.EntityFrameworkCore.Query.Internal.QueryCompiler.CompileQueryCore[TResult](IDatabase database, Expression query, IModel model, Boolean async)
   at Microsoft.EntityFrameworkCore.Query.Internal.QueryCompiler.<>c__DisplayClass12_0`1.<ExecuteAsync>b__0()
   at Microsoft.EntityFrameworkCore.Query.Internal.CompiledQueryCache.GetOrAddQuery[TResult](Object cacheKey, Func`1 compiler)
   at Microsoft.EntityFrameworkCore.Query.Internal.QueryCompiler.ExecuteAsync[TResult](Expression query, CancellationToken cancellationToken)
   at Microsoft.EntityFrameworkCore.Query.Internal.EntityQueryProvider.ExecuteAsync[TResult](Expression expression, CancellationToken cancellationToken)
   at Microsoft.EntityFrameworkCore.EntityFrameworkQueryableExtensions.ExecuteAsync[TSource,TResult](MethodInfo operatorMethodInfo, IQueryable`1 source, Expression expression, CancellationToken cancellationToken)
   at Microsoft.EntityFrameworkCore.EntityFrameworkQueryableExtensions.ExecuteAsync[TSource,TResult](MethodInfo operatorMethodInfo, IQueryable`1 source, CancellationToken cancellationToken)
   at Microsoft.EntityFrameworkCore.EntityFrameworkQueryableExtensions.CountAsync[TSource](IQueryable`1 source, CancellationToken cancellationToken)
   at MinioWebBackend.Service.LogQueryService.QueryLogsAsync(LogQueryRequest request) in D:\bolo_backend\minio-web-backend\Service\LogQueryService.cs:line 63
   at MinioWebBackend.Controllers.LogQueryController.QueryLogs(LogQueryRequest request) in D:\bolo_backend\minio-web-backend\Controllers\LogQueryController.cs:line 34
2025-09-12 13:46:56.836 +08:00 [ERR] 日志查询失败，参数: {"Levels":[4],"MessageKeyword":"\u6570\u636E\u5E93","ExceptionKeyword":null,"TimestampStart":"2024-09-01T00:00:00Z","TimestampEnd":"2024-09-13T23:59:59Z","PropertyFilters":{"MachineName":"localhost","ThreadId":"5"},"PageIndex":1,"PageSize":10}
System.InvalidOperationException: The LINQ expression 'DbSet<SerilogLog>()
    .Where(s => __levelStrings_0
        .Contains(s.Level))
    .Where(s => s.Message.Contains(__request_MessageKeyword_1))
    .Where(s => s.Timestamp >= __request_TimestampStart_Value_2)
    .Where(s => s.Timestamp <= __request_TimestampEnd_Value_3)
    .Where(s => s.Properties != null && SqlServerJsonFunctions.JsonValue(
        expression: s.Properties, 
        path: __jsonPath_4) == __targetValue_5)' could not be translated. Additional information: Translation of method 'MinioWebBackend.Service.SqlServerJsonFunctions.JsonValue' failed. If this method can be mapped to your custom function, see https://go.microsoft.com/fwlink/?linkid=2132413 for more information. Either rewrite the query in a form that can be translated, or switch to client evaluation explicitly by inserting a call to 'AsEnumerable', 'AsAsyncEnumerable', 'ToList', or 'ToListAsync'. See https://go.microsoft.com/fwlink/?linkid=2101038 for more information.
   at Microsoft.EntityFrameworkCore.Query.QueryableMethodTranslatingExpressionVisitor.Translate(Expression expression)
   at Microsoft.EntityFrameworkCore.Query.RelationalQueryableMethodTranslatingExpressionVisitor.Translate(Expression expression)
   at Microsoft.EntityFrameworkCore.Query.QueryCompilationContext.CreateQueryExecutor[TResult](Expression query)
   at Microsoft.EntityFrameworkCore.Storage.Database.CompileQuery[TResult](Expression query, Boolean async)
   at Microsoft.EntityFrameworkCore.Query.Internal.QueryCompiler.CompileQueryCore[TResult](IDatabase database, Expression query, IModel model, Boolean async)
   at Microsoft.EntityFrameworkCore.Query.Internal.QueryCompiler.<>c__DisplayClass12_0`1.<ExecuteAsync>b__0()
   at Microsoft.EntityFrameworkCore.Query.Internal.CompiledQueryCache.GetOrAddQuery[TResult](Object cacheKey, Func`1 compiler)
   at Microsoft.EntityFrameworkCore.Query.Internal.QueryCompiler.ExecuteAsync[TResult](Expression query, CancellationToken cancellationToken)
   at Microsoft.EntityFrameworkCore.Query.Internal.EntityQueryProvider.ExecuteAsync[TResult](Expression expression, CancellationToken cancellationToken)
   at Microsoft.EntityFrameworkCore.EntityFrameworkQueryableExtensions.ExecuteAsync[TSource,TResult](MethodInfo operatorMethodInfo, IQueryable`1 source, Expression expression, CancellationToken cancellationToken)
   at Microsoft.EntityFrameworkCore.EntityFrameworkQueryableExtensions.ExecuteAsync[TSource,TResult](MethodInfo operatorMethodInfo, IQueryable`1 source, CancellationToken cancellationToken)
   at Microsoft.EntityFrameworkCore.EntityFrameworkQueryableExtensions.CountAsync[TSource](IQueryable`1 source, CancellationToken cancellationToken)
   at MinioWebBackend.Service.LogQueryService.QueryLogsAsync(LogQueryRequest request) in D:\bolo_backend\minio-web-backend\Service\LogQueryService.cs:line 63
   at MinioWebBackend.Controllers.LogQueryController.QueryLogs(LogQueryRequest request) in D:\bolo_backend\minio-web-backend\Controllers\LogQueryController.cs:line 34
2025-09-12 13:48:02.571 +08:00 [ERR] 日志查询失败，参数: {"Levels":[4],"MessageKeyword":"\u6570\u636E\u5E93","ExceptionKeyword":null,"TimestampStart":"2024-09-01T00:00:00Z","TimestampEnd":"2024-09-13T23:59:59Z","PropertyFilters":{"MachineName":"localhost","ThreadId":"5"},"PageIndex":1,"PageSize":10}
System.InvalidOperationException: The LINQ expression 'DbSet<SerilogLog>()
    .Where(s => __levelStrings_0
        .Contains(s.Level))
    .Where(s => s.Message.Contains(__request_MessageKeyword_1))
    .Where(s => s.Timestamp >= __request_TimestampStart_Value_2)
    .Where(s => s.Timestamp <= __request_TimestampEnd_Value_3)
    .Where(s => s.Properties != null && SqlServerJsonFunctions.JsonValue(
        expression: s.Properties, 
        path: __Format_4) == __targetValue_5)' could not be translated. Additional information: Translation of method 'MinioWebBackend.Service.SqlServerJsonFunctions.JsonValue' failed. If this method can be mapped to your custom function, see https://go.microsoft.com/fwlink/?linkid=2132413 for more information. Either rewrite the query in a form that can be translated, or switch to client evaluation explicitly by inserting a call to 'AsEnumerable', 'AsAsyncEnumerable', 'ToList', or 'ToListAsync'. See https://go.microsoft.com/fwlink/?linkid=2101038 for more information.
   at Microsoft.EntityFrameworkCore.Query.QueryableMethodTranslatingExpressionVisitor.Translate(Expression expression)
   at Microsoft.EntityFrameworkCore.Query.RelationalQueryableMethodTranslatingExpressionVisitor.Translate(Expression expression)
   at Microsoft.EntityFrameworkCore.Query.QueryCompilationContext.CreateQueryExecutor[TResult](Expression query)
   at Microsoft.EntityFrameworkCore.Storage.Database.CompileQuery[TResult](Expression query, Boolean async)
   at Microsoft.EntityFrameworkCore.Query.Internal.QueryCompiler.CompileQueryCore[TResult](IDatabase database, Expression query, IModel model, Boolean async)
   at Microsoft.EntityFrameworkCore.Query.Internal.QueryCompiler.<>c__DisplayClass12_0`1.<ExecuteAsync>b__0()
   at Microsoft.EntityFrameworkCore.Query.Internal.CompiledQueryCache.GetOrAddQuery[TResult](Object cacheKey, Func`1 compiler)
   at Microsoft.EntityFrameworkCore.Query.Internal.QueryCompiler.ExecuteAsync[TResult](Expression query, CancellationToken cancellationToken)
   at Microsoft.EntityFrameworkCore.Query.Internal.EntityQueryProvider.ExecuteAsync[TResult](Expression expression, CancellationToken cancellationToken)
   at Microsoft.EntityFrameworkCore.EntityFrameworkQueryableExtensions.ExecuteAsync[TSource,TResult](MethodInfo operatorMethodInfo, IQueryable`1 source, Expression expression, CancellationToken cancellationToken)
   at Microsoft.EntityFrameworkCore.EntityFrameworkQueryableExtensions.ExecuteAsync[TSource,TResult](MethodInfo operatorMethodInfo, IQueryable`1 source, CancellationToken cancellationToken)
   at Microsoft.EntityFrameworkCore.EntityFrameworkQueryableExtensions.CountAsync[TSource](IQueryable`1 source, CancellationToken cancellationToken)
   at MinioWebBackend.Service.LogQueryService.QueryLogsAsync(LogQueryRequest request) in D:\bolo_backend\minio-web-backend\Service\LogQueryService.cs:line 81
   at MinioWebBackend.Controllers.LogQueryController.QueryLogs(LogQueryRequest request) in D:\bolo_backend\minio-web-backend\Controllers\LogQueryController.cs:line 34
2025-09-12 14:19:55.393 +08:00 [INF] 用户登录成功：admin
2025-09-12 14:19:58.052 +08:00 [INF] 用户退出：admin
2025-09-12 14:20:00.382 +08:00 [INF] 用户登录成功：admin
