2025-09-11 11:09:58.656 +08:00 [ERR] Hosting failed to start
System.IO.IOException: Failed to bind to address http://0.0.0.0:5000: address already in use.
 ---> Microsoft.AspNetCore.Connections.AddressInUseException: 通常每个套接字地址(协议/网络地址/端口)只允许使用一次。
 ---> System.Net.Sockets.SocketException (10048): 通常每个套接字地址(协议/网络地址/端口)只允许使用一次。
   at System.Net.Sockets.Socket.UpdateStatusAfterSocketErrorAndThrowException(SocketError error, Boolean disconnectOnFailure, String callerName)
   at System.Net.Sockets.Socket.DoBind(EndPoint endPointSnapshot, SocketAddress socketAddress)
   at System.Net.Sockets.Socket.Bind(EndPoint localEP)
   at Microsoft.AspNetCore.Server.Kestrel.Transport.Sockets.SocketTransportOptions.CreateDefaultBoundListenSocket(EndPoint endpoint)
   at Microsoft.AspNetCore.Server.Kestrel.Transport.Sockets.SocketConnectionListener.Bind()
   --- End of inner exception stack trace ---
   at Microsoft.AspNetCore.Server.Kestrel.Transport.Sockets.SocketConnectionListener.Bind()
   at Microsoft.AspNetCore.Server.Kestrel.Transport.Sockets.SocketTransportFactory.BindAsync(EndPoint endpoint, CancellationToken cancellationToken)
   at Microsoft.AspNetCore.Server.Kestrel.Core.Internal.Infrastructure.TransportManager.BindAsync(EndPoint endPoint, ConnectionDelegate connectionDelegate, EndpointConfig endpointConfig, CancellationToken cancellationToken)
   at Microsoft.AspNetCore.Server.Kestrel.Core.KestrelServerImpl.<>c__DisplayClass28_0`1.<<StartAsync>g__OnBind|0>d.MoveNext()
--- End of stack trace from previous location ---
   at Microsoft.AspNetCore.Server.Kestrel.Core.Internal.AddressBinder.BindEndpointAsync(ListenOptions endpoint, AddressBindContext context, CancellationToken cancellationToken)
   --- End of inner exception stack trace ---
   at Microsoft.AspNetCore.Server.Kestrel.Core.Internal.AddressBinder.BindEndpointAsync(ListenOptions endpoint, AddressBindContext context, CancellationToken cancellationToken)
   at Microsoft.AspNetCore.Server.Kestrel.Core.ListenOptions.BindAsync(AddressBindContext context, CancellationToken cancellationToken)
   at Microsoft.AspNetCore.Server.Kestrel.Core.Internal.AddressBinder.AddressesStrategy.BindAsync(AddressBindContext context, CancellationToken cancellationToken)
   at Microsoft.AspNetCore.Server.Kestrel.Core.Internal.AddressBinder.BindAsync(ListenOptions[] listenOptions, AddressBindContext context, Func`2 useHttps, CancellationToken cancellationToken)
   at Microsoft.AspNetCore.Server.Kestrel.Core.KestrelServerImpl.BindAsync(CancellationToken cancellationToken)
   at Microsoft.AspNetCore.Server.Kestrel.Core.KestrelServerImpl.StartAsync[TContext](IHttpApplication`1 application, CancellationToken cancellationToken)
   at Microsoft.AspNetCore.Hosting.GenericWebHostService.StartAsync(CancellationToken cancellationToken)
   at Microsoft.Extensions.Hosting.Internal.Host.<StartAsync>b__15_1(IHostedService service, CancellationToken token)
   at Microsoft.Extensions.Hosting.Internal.Host.ForeachService[T](IEnumerable`1 services, CancellationToken token, Boolean concurrent, Boolean abortOnFirstException, List`1 exceptions, Func`3 operation)
2025-09-11 11:55:41.556 +08:00 [INF] 用户退出：admin
2025-09-11 11:55:42.429 +08:00 [INF] 用户登录成功：admin
2025-09-11 13:37:11.757 +08:00 [INF] 用户退出：admin
2025-09-11 13:37:12.549 +08:00 [INF] 用户登录成功：admin
2025-09-11 13:51:05.789 +08:00 [INF] 用户退出：admin
2025-09-11 13:51:06.474 +08:00 [INF] 用户登录成功：admin
2025-09-11 13:57:27.528 +08:00 [INF] 用户退出：admin
2025-09-11 13:57:28.638 +08:00 [INF] 用户登录成功：admin
2025-09-11 15:00:39.808 +08:00 [INF] 用户 admin 于 "2025-09-11T15:00:39.7577946+08:00" 成功上传文件 1.pptx, 存储名 admin_20250911150039490_d5f76ef8ade4482e8a9dc072a6bfb913, 标签： , 大小 1842987 字节
2025-09-11 15:00:57.785 +08:00 [INF] 用户退出：admin
2025-09-11 15:54:53.725 +08:00 [INF] 用户登录成功：admin
2025-09-11 16:32:24.055 +08:00 [INF] 用户退出：admin
2025-09-11 16:32:24.689 +08:00 [INF] 用户登录成功：admin
2025-09-11 16:58:08.940 +08:00 [INF] 用户退出：admin
2025-09-11 16:58:09.550 +08:00 [INF] 用户登录成功：admin
2025-09-11 17:24:59.705 +08:00 [INF] 用户 admin 下载文件 成功。桶: my-bucket, 原始名: 招聘-待入职.mp4, 存储名: admin_20250911113243568_39ad1c953fc34b838e61e984eaf33f0b, 大小: 218950661 字节
