2025-09-09 11:28:04.602 +08:00 [INF] 用户登录成功：bolo-vue-test
2025-09-09 11:28:06.056 +08:00 [INF] 用户退出：bolo-vue-test
2025-09-09 11:28:06.948 +08:00 [INF] 用户登录成功：bolo-vue-test
2025-09-09 11:28:17.955 +08:00 [INF] 用户 bolo-vue-test 尝试创建标签 2
2025-09-09 11:28:18.097 +08:00 [INF] 用户 bolo-vue-test 成功创建标签 2
2025-09-09 11:28:27.948 +08:00 [INF] 用户 11 于 "2025-09-09T11:28:27.8195994+08:00" 成功上传文件 22物联网邱汉林_请假材料.docx, 存储名 11_20250909112827670_723d2904db9448a38646d539ee358b3f, 标签：1,2 , 大小 467073 字节
2025-09-09 11:36:42.283 +08:00 [INF] 用户退出：bolo-vue-test
2025-09-09 11:36:42.358 +08:00 [INF] 用户退出：bolo-vue-test
2025-09-09 11:36:44.733 +08:00 [INF] 用户登录成功：bolo-vue-test
2025-09-09 11:56:15.219 +08:00 [ERR] Failed executing DbCommand (13ms) [Parameters=[], CommandType='"Text"', CommandTimeout='30']
CREATE TABLE [file_info] (
    [id] int NOT NULL IDENTITY,
    [stored_file_name] nvarchar(max) NOT NULL,
    [original_file_name] nvarchar(max) NOT NULL,
    [bucketname] nvarchar(max) NOT NULL,
    [relative_path] nvarchar(max) NOT NULL,
    [absolute_path] nvarchar(max) NOT NULL,
    [file_size] bigint NOT NULL,
    [mime_type] nvarchar(max) NOT NULL,
    [upload_time] datetime2 NOT NULL,
    [uploader] nvarchar(max) NOT NULL,
    [etag] nvarchar(max) NOT NULL,
    CONSTRAINT [PK_file_info] PRIMARY KEY ([id])
);
2025-09-09 14:36:38.466 +08:00 [ERR] An unhandled exception has occurred while executing the request.
System.InvalidOperationException: Unable to resolve service for type 'MinioWebBackend.Interfaces.IAuthService' while attempting to activate 'AuthController'.
   at Microsoft.Extensions.DependencyInjection.ActivatorUtilities.ThrowHelperUnableToResolveService(Type type, Type requiredBy)
   at lambda_method15(Closure, IServiceProvider, Object[])
   at Microsoft.AspNetCore.Mvc.Controllers.ControllerFactoryProvider.<>c__DisplayClass6_0.<CreateControllerFactory>g__CreateController|0(ControllerContext controllerContext)
   at Microsoft.AspNetCore.Mvc.Infrastructure.ControllerActionInvoker.Next(State& next, Scope& scope, Object& state, Boolean& isCompleted)
   at Microsoft.AspNetCore.Mvc.Infrastructure.ControllerActionInvoker.InvokeInnerFilterAsync()
--- End of stack trace from previous location ---
   at Microsoft.AspNetCore.Mvc.Infrastructure.ResourceInvoker.<InvokeFilterPipelineAsync>g__Awaited|20_0(ResourceInvoker invoker, Task lastTask, State next, Scope scope, Object state, Boolean isCompleted)
   at Microsoft.AspNetCore.Mvc.Infrastructure.ResourceInvoker.<InvokeAsync>g__Awaited|17_0(ResourceInvoker invoker, Task task, IDisposable scope)
   at Microsoft.AspNetCore.Mvc.Infrastructure.ResourceInvoker.<InvokeAsync>g__Awaited|17_0(ResourceInvoker invoker, Task task, IDisposable scope)
   at Microsoft.AspNetCore.Authorization.AuthorizationMiddleware.Invoke(HttpContext context)
   at Microsoft.AspNetCore.Authentication.AuthenticationMiddleware.Invoke(HttpContext context)
   at Swashbuckle.AspNetCore.SwaggerUI.SwaggerUIMiddleware.Invoke(HttpContext httpContext)
   at Swashbuckle.AspNetCore.Swagger.SwaggerMiddleware.Invoke(HttpContext httpContext, ISwaggerProvider swaggerProvider)
   at Microsoft.AspNetCore.Diagnostics.DeveloperExceptionPageMiddlewareImpl.Invoke(HttpContext context)
2025-09-09 14:39:07.043 +08:00 [WRN] 用户登录失败：bolo-vue-test
2025-09-09 14:39:30.725 +08:00 [WRN] 用户登录失败：bolo-vue-test
2025-09-09 14:39:45.732 +08:00 [WRN] 用户登录失败：bolo-vue-test
2025-09-09 14:59:14.628 +08:00 [WRN] 用户登录失败：bolo-vue-test
2025-09-09 14:59:15.793 +08:00 [WRN] 用户登录失败：bolo-vue-test
2025-09-09 15:05:53.032 +08:00 [ERR] An unhandled exception has occurred while executing the request.
System.FormatException: The input is not a valid Base-64 string as it contains a non-base 64 character, more than two padding characters, or an illegal character among the padding characters.
   at System.Convert.FromBase64CharPtr(Char* inputPtr, Int32 inputLength)
   at System.Convert.FromBase64String(String s)
   at Microsoft.AspNetCore.Identity.PasswordHasher`1.VerifyHashedPassword(TUser user, String hashedPassword, String providedPassword)
   at MinioWebBackend.Service.AuthService.LoginAsync(String username, String password) in D:\bolo_backend\minio-web-backend\Service\AuthService.cs:line 57
   at AuthController.Login(LoginRequest request) in D:\bolo_backend\minio-web-backend\Controllers\AuthController.cs:line 46
   at Microsoft.AspNetCore.Mvc.Infrastructure.ActionMethodExecutor.TaskOfIActionResultExecutor.Execute(ActionContext actionContext, IActionResultTypeMapper mapper, ObjectMethodExecutor executor, Object controller, Object[] arguments)
   at Microsoft.AspNetCore.Mvc.Infrastructure.ControllerActionInvoker.<InvokeActionMethodAsync>g__Awaited|12_0(ControllerActionInvoker invoker, ValueTask`1 actionResultValueTask)
   at Microsoft.AspNetCore.Mvc.Infrastructure.ControllerActionInvoker.<InvokeNextActionFilterAsync>g__Awaited|10_0(ControllerActionInvoker invoker, Task lastTask, State next, Scope scope, Object state, Boolean isCompleted)
   at Microsoft.AspNetCore.Mvc.Infrastructure.ControllerActionInvoker.Rethrow(ActionExecutedContextSealed context)
   at Microsoft.AspNetCore.Mvc.Infrastructure.ControllerActionInvoker.Next(State& next, Scope& scope, Object& state, Boolean& isCompleted)
   at Microsoft.AspNetCore.Mvc.Infrastructure.ControllerActionInvoker.<InvokeInnerFilterAsync>g__Awaited|13_0(ControllerActionInvoker invoker, Task lastTask, State next, Scope scope, Object state, Boolean isCompleted)
   at Microsoft.AspNetCore.Mvc.Infrastructure.ResourceInvoker.<InvokeFilterPipelineAsync>g__Awaited|20_0(ResourceInvoker invoker, Task lastTask, State next, Scope scope, Object state, Boolean isCompleted)
   at Microsoft.AspNetCore.Mvc.Infrastructure.ResourceInvoker.<InvokeAsync>g__Awaited|17_0(ResourceInvoker invoker, Task task, IDisposable scope)
   at Microsoft.AspNetCore.Mvc.Infrastructure.ResourceInvoker.<InvokeAsync>g__Awaited|17_0(ResourceInvoker invoker, Task task, IDisposable scope)
   at Microsoft.AspNetCore.Authentication.AuthenticationMiddleware.Invoke(HttpContext context)
   at Swashbuckle.AspNetCore.SwaggerUI.SwaggerUIMiddleware.Invoke(HttpContext httpContext)
   at Swashbuckle.AspNetCore.Swagger.SwaggerMiddleware.Invoke(HttpContext httpContext, ISwaggerProvider swaggerProvider)
   at Microsoft.AspNetCore.Authorization.AuthorizationMiddleware.Invoke(HttpContext context)
   at Microsoft.AspNetCore.Diagnostics.DeveloperExceptionPageMiddlewareImpl.Invoke(HttpContext context)
2025-09-09 15:09:22.382 +08:00 [WRN] 用户登录失败：bolo1
2025-09-09 15:34:16.099 +08:00 [WRN] 用户登录失败：bolo-vue-test
2025-09-09 15:34:32.524 +08:00 [WRN] 用户登录失败：bolo1
2025-09-09 15:40:06.615 +08:00 [WRN] 用户登录失败：bolo-vue-test
2025-09-09 15:41:01.956 +08:00 [WRN] 用户登录失败：bolo-vue-test
2025-09-09 15:41:14.234 +08:00 [WRN] 用户登录失败：bolo-vue-test
2025-09-09 15:42:01.741 +08:00 [INF] 用户注册成功：bolo-vue-test
2025-09-09 15:42:16.446 +08:00 [INF] 用户登录成功：bolo-vue-test
2025-09-09 15:42:16.528 +08:00 [ERR] An unhandled exception has occurred while executing the request.
System.InvalidOperationException: Endpoint TagController.GetAll (MinioWebApi) contains authorization metadata, but a middleware was not found that supports authorization.
Configure your application startup by adding app.UseAuthorization() in the application startup code. If there are calls to app.UseRouting() and app.UseEndpoints(...), the call to app.UseAuthorization() must go between them.
   at Microsoft.AspNetCore.Routing.EndpointMiddleware.ThrowMissingAuthMiddlewareException(Endpoint endpoint)
   at Microsoft.AspNetCore.Routing.EndpointMiddleware.Invoke(HttpContext httpContext)
   at Microsoft.AspNetCore.Authentication.AuthenticationMiddleware.Invoke(HttpContext context)
   at Swashbuckle.AspNetCore.SwaggerUI.SwaggerUIMiddleware.Invoke(HttpContext httpContext)
   at Swashbuckle.AspNetCore.Swagger.SwaggerMiddleware.Invoke(HttpContext httpContext, ISwaggerProvider swaggerProvider)
   at Microsoft.AspNetCore.Authorization.AuthorizationMiddleware.Invoke(HttpContext context)
   at Microsoft.AspNetCore.Diagnostics.DeveloperExceptionPageMiddlewareImpl.Invoke(HttpContext context)
2025-09-09 15:42:19.399 +08:00 [ERR] An unhandled exception has occurred while executing the request.
System.InvalidOperationException: Endpoint TagController.GetAll (MinioWebApi) contains authorization metadata, but a middleware was not found that supports authorization.
Configure your application startup by adding app.UseAuthorization() in the application startup code. If there are calls to app.UseRouting() and app.UseEndpoints(...), the call to app.UseAuthorization() must go between them.
   at Microsoft.AspNetCore.Routing.EndpointMiddleware.ThrowMissingAuthMiddlewareException(Endpoint endpoint)
   at Microsoft.AspNetCore.Routing.EndpointMiddleware.Invoke(HttpContext httpContext)
   at Microsoft.AspNetCore.Authentication.AuthenticationMiddleware.Invoke(HttpContext context)
   at Swashbuckle.AspNetCore.SwaggerUI.SwaggerUIMiddleware.Invoke(HttpContext httpContext)
   at Swashbuckle.AspNetCore.Swagger.SwaggerMiddleware.Invoke(HttpContext httpContext, ISwaggerProvider swaggerProvider)
   at Microsoft.AspNetCore.Authorization.AuthorizationMiddleware.Invoke(HttpContext context)
   at Microsoft.AspNetCore.Diagnostics.DeveloperExceptionPageMiddlewareImpl.Invoke(HttpContext context)
2025-09-09 15:42:19.417 +08:00 [ERR] An unhandled exception has occurred while executing the request.
System.InvalidOperationException: Endpoint MinioWebBackend.Controllers.FileQueryController.QueryFiles (MinioWebApi) contains authorization metadata, but a middleware was not found that supports authorization.
Configure your application startup by adding app.UseAuthorization() in the application startup code. If there are calls to app.UseRouting() and app.UseEndpoints(...), the call to app.UseAuthorization() must go between them.
   at Microsoft.AspNetCore.Routing.EndpointMiddleware.ThrowMissingAuthMiddlewareException(Endpoint endpoint)
   at Microsoft.AspNetCore.Routing.EndpointMiddleware.Invoke(HttpContext httpContext)
   at Microsoft.AspNetCore.Authentication.AuthenticationMiddleware.Invoke(HttpContext context)
   at Swashbuckle.AspNetCore.SwaggerUI.SwaggerUIMiddleware.Invoke(HttpContext httpContext)
   at Swashbuckle.AspNetCore.Swagger.SwaggerMiddleware.Invoke(HttpContext httpContext, ISwaggerProvider swaggerProvider)
   at Microsoft.AspNetCore.Authorization.AuthorizationMiddleware.Invoke(HttpContext context)
   at Microsoft.AspNetCore.Diagnostics.DeveloperExceptionPageMiddlewareImpl.Invoke(HttpContext context)
2025-09-09 15:42:45.671 +08:00 [ERR] An unhandled exception has occurred while executing the request.
System.InvalidOperationException: Endpoint TagController.GetAll (MinioWebApi) contains authorization metadata, but a middleware was not found that supports authorization.
Configure your application startup by adding app.UseAuthorization() in the application startup code. If there are calls to app.UseRouting() and app.UseEndpoints(...), the call to app.UseAuthorization() must go between them.
   at Microsoft.AspNetCore.Routing.EndpointMiddleware.ThrowMissingAuthMiddlewareException(Endpoint endpoint)
   at Microsoft.AspNetCore.Routing.EndpointMiddleware.Invoke(HttpContext httpContext)
   at Microsoft.AspNetCore.Authentication.AuthenticationMiddleware.Invoke(HttpContext context)
   at Swashbuckle.AspNetCore.SwaggerUI.SwaggerUIMiddleware.Invoke(HttpContext httpContext)
   at Swashbuckle.AspNetCore.Swagger.SwaggerMiddleware.Invoke(HttpContext httpContext, ISwaggerProvider swaggerProvider)
   at Microsoft.AspNetCore.Authorization.AuthorizationMiddleware.Invoke(HttpContext context)
   at Microsoft.AspNetCore.Diagnostics.DeveloperExceptionPageMiddlewareImpl.Invoke(HttpContext context)
2025-09-09 15:42:53.071 +08:00 [ERR] An unhandled exception has occurred while executing the request.
System.InvalidOperationException: Endpoint AuthController.Logout (MinioWebApi) contains authorization metadata, but a middleware was not found that supports authorization.
Configure your application startup by adding app.UseAuthorization() in the application startup code. If there are calls to app.UseRouting() and app.UseEndpoints(...), the call to app.UseAuthorization() must go between them.
   at Microsoft.AspNetCore.Routing.EndpointMiddleware.ThrowMissingAuthMiddlewareException(Endpoint endpoint)
   at Microsoft.AspNetCore.Routing.EndpointMiddleware.Invoke(HttpContext httpContext)
   at Microsoft.AspNetCore.Authentication.AuthenticationMiddleware.Invoke(HttpContext context)
   at Swashbuckle.AspNetCore.SwaggerUI.SwaggerUIMiddleware.Invoke(HttpContext httpContext)
   at Swashbuckle.AspNetCore.Swagger.SwaggerMiddleware.Invoke(HttpContext httpContext, ISwaggerProvider swaggerProvider)
   at Microsoft.AspNetCore.Authorization.AuthorizationMiddleware.Invoke(HttpContext context)
   at Microsoft.AspNetCore.Diagnostics.DeveloperExceptionPageMiddlewareImpl.Invoke(HttpContext context)
2025-09-09 15:43:01.542 +08:00 [INF] 用户登录成功：bolo-vue-test
2025-09-09 15:43:01.623 +08:00 [ERR] An unhandled exception has occurred while executing the request.
System.InvalidOperationException: Endpoint TagController.GetAll (MinioWebApi) contains authorization metadata, but a middleware was not found that supports authorization.
Configure your application startup by adding app.UseAuthorization() in the application startup code. If there are calls to app.UseRouting() and app.UseEndpoints(...), the call to app.UseAuthorization() must go between them.
   at Microsoft.AspNetCore.Routing.EndpointMiddleware.ThrowMissingAuthMiddlewareException(Endpoint endpoint)
   at Microsoft.AspNetCore.Routing.EndpointMiddleware.Invoke(HttpContext httpContext)
   at Microsoft.AspNetCore.Authentication.AuthenticationMiddleware.Invoke(HttpContext context)
   at Swashbuckle.AspNetCore.SwaggerUI.SwaggerUIMiddleware.Invoke(HttpContext httpContext)
   at Swashbuckle.AspNetCore.Swagger.SwaggerMiddleware.Invoke(HttpContext httpContext, ISwaggerProvider swaggerProvider)
   at Microsoft.AspNetCore.Authorization.AuthorizationMiddleware.Invoke(HttpContext context)
   at Microsoft.AspNetCore.Diagnostics.DeveloperExceptionPageMiddlewareImpl.Invoke(HttpContext context)
2025-09-09 15:43:03.332 +08:00 [ERR] An unhandled exception has occurred while executing the request.
System.InvalidOperationException: Endpoint MinioWebBackend.Controllers.FileQueryController.QueryFiles (MinioWebApi) contains authorization metadata, but a middleware was not found that supports authorization.
Configure your application startup by adding app.UseAuthorization() in the application startup code. If there are calls to app.UseRouting() and app.UseEndpoints(...), the call to app.UseAuthorization() must go between them.
   at Microsoft.AspNetCore.Routing.EndpointMiddleware.ThrowMissingAuthMiddlewareException(Endpoint endpoint)
   at Microsoft.AspNetCore.Routing.EndpointMiddleware.Invoke(HttpContext httpContext)
   at Microsoft.AspNetCore.Authentication.AuthenticationMiddleware.Invoke(HttpContext context)
   at Swashbuckle.AspNetCore.SwaggerUI.SwaggerUIMiddleware.Invoke(HttpContext httpContext)
   at Swashbuckle.AspNetCore.Swagger.SwaggerMiddleware.Invoke(HttpContext httpContext, ISwaggerProvider swaggerProvider)
   at Microsoft.AspNetCore.Authorization.AuthorizationMiddleware.Invoke(HttpContext context)
   at Microsoft.AspNetCore.Diagnostics.DeveloperExceptionPageMiddlewareImpl.Invoke(HttpContext context)
2025-09-09 15:43:03.354 +08:00 [ERR] An unhandled exception has occurred while executing the request.
System.InvalidOperationException: Endpoint TagController.GetAll (MinioWebApi) contains authorization metadata, but a middleware was not found that supports authorization.
Configure your application startup by adding app.UseAuthorization() in the application startup code. If there are calls to app.UseRouting() and app.UseEndpoints(...), the call to app.UseAuthorization() must go between them.
   at Microsoft.AspNetCore.Routing.EndpointMiddleware.ThrowMissingAuthMiddlewareException(Endpoint endpoint)
   at Microsoft.AspNetCore.Routing.EndpointMiddleware.Invoke(HttpContext httpContext)
   at Microsoft.AspNetCore.Authentication.AuthenticationMiddleware.Invoke(HttpContext context)
   at Swashbuckle.AspNetCore.SwaggerUI.SwaggerUIMiddleware.Invoke(HttpContext httpContext)
   at Swashbuckle.AspNetCore.Swagger.SwaggerMiddleware.Invoke(HttpContext httpContext, ISwaggerProvider swaggerProvider)
   at Microsoft.AspNetCore.Authorization.AuthorizationMiddleware.Invoke(HttpContext context)
   at Microsoft.AspNetCore.Diagnostics.DeveloperExceptionPageMiddlewareImpl.Invoke(HttpContext context)
2025-09-09 15:43:04.189 +08:00 [ERR] An unhandled exception has occurred while executing the request.
System.InvalidOperationException: Endpoint TagController.GetAll (MinioWebApi) contains authorization metadata, but a middleware was not found that supports authorization.
Configure your application startup by adding app.UseAuthorization() in the application startup code. If there are calls to app.UseRouting() and app.UseEndpoints(...), the call to app.UseAuthorization() must go between them.
   at Microsoft.AspNetCore.Routing.EndpointMiddleware.ThrowMissingAuthMiddlewareException(Endpoint endpoint)
   at Microsoft.AspNetCore.Routing.EndpointMiddleware.Invoke(HttpContext httpContext)
   at Microsoft.AspNetCore.Authentication.AuthenticationMiddleware.Invoke(HttpContext context)
   at Swashbuckle.AspNetCore.SwaggerUI.SwaggerUIMiddleware.Invoke(HttpContext httpContext)
   at Swashbuckle.AspNetCore.Swagger.SwaggerMiddleware.Invoke(HttpContext httpContext, ISwaggerProvider swaggerProvider)
   at Microsoft.AspNetCore.Authorization.AuthorizationMiddleware.Invoke(HttpContext context)
   at Microsoft.AspNetCore.Diagnostics.DeveloperExceptionPageMiddlewareImpl.Invoke(HttpContext context)
2025-09-09 15:43:04.203 +08:00 [ERR] An unhandled exception has occurred while executing the request.
System.InvalidOperationException: Endpoint MinioWebBackend.Controllers.FileQueryController.QueryFiles (MinioWebApi) contains authorization metadata, but a middleware was not found that supports authorization.
Configure your application startup by adding app.UseAuthorization() in the application startup code. If there are calls to app.UseRouting() and app.UseEndpoints(...), the call to app.UseAuthorization() must go between them.
   at Microsoft.AspNetCore.Routing.EndpointMiddleware.ThrowMissingAuthMiddlewareException(Endpoint endpoint)
   at Microsoft.AspNetCore.Routing.EndpointMiddleware.Invoke(HttpContext httpContext)
   at Microsoft.AspNetCore.Authentication.AuthenticationMiddleware.Invoke(HttpContext context)
   at Swashbuckle.AspNetCore.SwaggerUI.SwaggerUIMiddleware.Invoke(HttpContext httpContext)
   at Swashbuckle.AspNetCore.Swagger.SwaggerMiddleware.Invoke(HttpContext httpContext, ISwaggerProvider swaggerProvider)
   at Microsoft.AspNetCore.Authorization.AuthorizationMiddleware.Invoke(HttpContext context)
   at Microsoft.AspNetCore.Diagnostics.DeveloperExceptionPageMiddlewareImpl.Invoke(HttpContext context)
2025-09-09 15:43:07.261 +08:00 [ERR] An unhandled exception has occurred while executing the request.
System.InvalidOperationException: Endpoint MinioWebBackend.Controllers.FileQueryController.QueryFiles (MinioWebApi) contains authorization metadata, but a middleware was not found that supports authorization.
Configure your application startup by adding app.UseAuthorization() in the application startup code. If there are calls to app.UseRouting() and app.UseEndpoints(...), the call to app.UseAuthorization() must go between them.
   at Microsoft.AspNetCore.Routing.EndpointMiddleware.ThrowMissingAuthMiddlewareException(Endpoint endpoint)
   at Microsoft.AspNetCore.Routing.EndpointMiddleware.Invoke(HttpContext httpContext)
   at Microsoft.AspNetCore.Authentication.AuthenticationMiddleware.Invoke(HttpContext context)
   at Swashbuckle.AspNetCore.SwaggerUI.SwaggerUIMiddleware.Invoke(HttpContext httpContext)
   at Swashbuckle.AspNetCore.Swagger.SwaggerMiddleware.Invoke(HttpContext httpContext, ISwaggerProvider swaggerProvider)
   at Microsoft.AspNetCore.Authorization.AuthorizationMiddleware.Invoke(HttpContext context)
   at Microsoft.AspNetCore.Diagnostics.DeveloperExceptionPageMiddlewareImpl.Invoke(HttpContext context)
2025-09-09 15:43:07.285 +08:00 [ERR] An unhandled exception has occurred while executing the request.
System.InvalidOperationException: Endpoint TagController.GetAll (MinioWebApi) contains authorization metadata, but a middleware was not found that supports authorization.
Configure your application startup by adding app.UseAuthorization() in the application startup code. If there are calls to app.UseRouting() and app.UseEndpoints(...), the call to app.UseAuthorization() must go between them.
   at Microsoft.AspNetCore.Routing.EndpointMiddleware.ThrowMissingAuthMiddlewareException(Endpoint endpoint)
   at Microsoft.AspNetCore.Routing.EndpointMiddleware.Invoke(HttpContext httpContext)
   at Microsoft.AspNetCore.Authentication.AuthenticationMiddleware.Invoke(HttpContext context)
   at Swashbuckle.AspNetCore.SwaggerUI.SwaggerUIMiddleware.Invoke(HttpContext httpContext)
   at Swashbuckle.AspNetCore.Swagger.SwaggerMiddleware.Invoke(HttpContext httpContext, ISwaggerProvider swaggerProvider)
   at Microsoft.AspNetCore.Authorization.AuthorizationMiddleware.Invoke(HttpContext context)
   at Microsoft.AspNetCore.Diagnostics.DeveloperExceptionPageMiddlewareImpl.Invoke(HttpContext context)
2025-09-09 15:44:57.220 +08:00 [ERR] An unhandled exception has occurred while executing the request.
System.InvalidOperationException: Endpoint AuthController.Logout (MinioWebApi) contains authorization metadata, but a middleware was not found that supports authorization.
Configure your application startup by adding app.UseAuthorization() in the application startup code. If there are calls to app.UseRouting() and app.UseEndpoints(...), the call to app.UseAuthorization() must go between them.
   at Microsoft.AspNetCore.Routing.EndpointMiddleware.ThrowMissingAuthMiddlewareException(Endpoint endpoint)
   at Microsoft.AspNetCore.Routing.EndpointMiddleware.Invoke(HttpContext httpContext)
   at Microsoft.AspNetCore.Authentication.AuthenticationMiddleware.Invoke(HttpContext context)
   at Swashbuckle.AspNetCore.SwaggerUI.SwaggerUIMiddleware.Invoke(HttpContext httpContext)
   at Swashbuckle.AspNetCore.Swagger.SwaggerMiddleware.Invoke(HttpContext httpContext, ISwaggerProvider swaggerProvider)
   at Microsoft.AspNetCore.Authorization.AuthorizationMiddleware.Invoke(HttpContext context)
   at Microsoft.AspNetCore.Diagnostics.DeveloperExceptionPageMiddlewareImpl.Invoke(HttpContext context)
2025-09-09 15:45:00.413 +08:00 [INF] 用户登录成功：bolo-vue-test
2025-09-09 15:45:00.497 +08:00 [ERR] An unhandled exception has occurred while executing the request.
System.InvalidOperationException: Endpoint TagController.GetAll (MinioWebApi) contains authorization metadata, but a middleware was not found that supports authorization.
Configure your application startup by adding app.UseAuthorization() in the application startup code. If there are calls to app.UseRouting() and app.UseEndpoints(...), the call to app.UseAuthorization() must go between them.
   at Microsoft.AspNetCore.Routing.EndpointMiddleware.ThrowMissingAuthMiddlewareException(Endpoint endpoint)
   at Microsoft.AspNetCore.Routing.EndpointMiddleware.Invoke(HttpContext httpContext)
   at Microsoft.AspNetCore.Authentication.AuthenticationMiddleware.Invoke(HttpContext context)
   at Swashbuckle.AspNetCore.SwaggerUI.SwaggerUIMiddleware.Invoke(HttpContext httpContext)
   at Swashbuckle.AspNetCore.Swagger.SwaggerMiddleware.Invoke(HttpContext httpContext, ISwaggerProvider swaggerProvider)
   at Microsoft.AspNetCore.Authorization.AuthorizationMiddleware.Invoke(HttpContext context)
   at Microsoft.AspNetCore.Diagnostics.DeveloperExceptionPageMiddlewareImpl.Invoke(HttpContext context)
2025-09-09 15:45:03.647 +08:00 [ERR] An unhandled exception has occurred while executing the request.
System.InvalidOperationException: Endpoint MinioWebBackend.Controllers.FileQueryController.QueryFiles (MinioWebApi) contains authorization metadata, but a middleware was not found that supports authorization.
Configure your application startup by adding app.UseAuthorization() in the application startup code. If there are calls to app.UseRouting() and app.UseEndpoints(...), the call to app.UseAuthorization() must go between them.
   at Microsoft.AspNetCore.Routing.EndpointMiddleware.ThrowMissingAuthMiddlewareException(Endpoint endpoint)
   at Microsoft.AspNetCore.Routing.EndpointMiddleware.Invoke(HttpContext httpContext)
   at Microsoft.AspNetCore.Authentication.AuthenticationMiddleware.Invoke(HttpContext context)
   at Swashbuckle.AspNetCore.SwaggerUI.SwaggerUIMiddleware.Invoke(HttpContext httpContext)
   at Swashbuckle.AspNetCore.Swagger.SwaggerMiddleware.Invoke(HttpContext httpContext, ISwaggerProvider swaggerProvider)
   at Microsoft.AspNetCore.Authorization.AuthorizationMiddleware.Invoke(HttpContext context)
   at Microsoft.AspNetCore.Diagnostics.DeveloperExceptionPageMiddlewareImpl.Invoke(HttpContext context)
2025-09-09 15:45:03.671 +08:00 [ERR] An unhandled exception has occurred while executing the request.
System.InvalidOperationException: Endpoint TagController.GetAll (MinioWebApi) contains authorization metadata, but a middleware was not found that supports authorization.
Configure your application startup by adding app.UseAuthorization() in the application startup code. If there are calls to app.UseRouting() and app.UseEndpoints(...), the call to app.UseAuthorization() must go between them.
   at Microsoft.AspNetCore.Routing.EndpointMiddleware.ThrowMissingAuthMiddlewareException(Endpoint endpoint)
   at Microsoft.AspNetCore.Routing.EndpointMiddleware.Invoke(HttpContext httpContext)
   at Microsoft.AspNetCore.Authentication.AuthenticationMiddleware.Invoke(HttpContext context)
   at Swashbuckle.AspNetCore.SwaggerUI.SwaggerUIMiddleware.Invoke(HttpContext httpContext)
   at Swashbuckle.AspNetCore.Swagger.SwaggerMiddleware.Invoke(HttpContext httpContext, ISwaggerProvider swaggerProvider)
   at Microsoft.AspNetCore.Authorization.AuthorizationMiddleware.Invoke(HttpContext context)
   at Microsoft.AspNetCore.Diagnostics.DeveloperExceptionPageMiddlewareImpl.Invoke(HttpContext context)
2025-09-09 15:48:01.530 +08:00 [INF] 用户退出：bolo-vue-test
2025-09-09 15:48:04.394 +08:00 [INF] 用户登录成功：bolo-vue-test
2025-09-09 15:48:12.802 +08:00 [INF] 用户 bolo-vue-test 尝试创建标签 1
2025-09-09 15:48:12.857 +08:00 [INF] 用户 bolo-vue-test 成功创建标签 1
2025-09-09 15:48:14.485 +08:00 [INF] 用户 bolo-vue-test 尝试创建标签 2
2025-09-09 15:48:14.489 +08:00 [INF] 用户 bolo-vue-test 成功创建标签 2
2025-09-09 15:50:27.112 +08:00 [INF] 用户退出：bolo-vue-test
2025-09-09 16:04:36.143 +08:00 [INF] 用户登录成功：bolo-vue-test
2025-09-09 16:06:06.039 +08:00 [INF] 用户 11 于 "2025-09-09T16:06:05.9121972+08:00" 成功上传文件 test3.docx, 存储名 11_20250909160605799_64ee22a584f642bc997445a6a44509b5, 标签：1,2 , 大小 13563 字节
2025-09-09 16:06:20.861 +08:00 [INF] 用户 11 于 "2025-09-09T16:06:20.8506163+08:00" 成功上传文件 test3.docx, 存储名 11_20250909160620822_61112fdd3af043c5850c23c2c8b75956, 标签：1,2 , 大小 13563 字节
2025-09-09 16:07:20.470 +08:00 [INF] 用户注册成功：admin
2025-09-09 16:14:40.343 +08:00 [INF] 用户退出：bolo-vue-test
2025-09-09 16:14:42.652 +08:00 [INF] 用户登录成功：bolo-vue-test
2025-09-09 16:15:53.924 +08:00 [INF] 用户退出：bolo-vue-test
2025-09-09 16:16:03.019 +08:00 [WRN] 用户登录失败：bolo-test-vue
2025-09-09 16:16:04.584 +08:00 [WRN] 用户登录失败：bolo-test-vue
2025-09-09 16:16:22.045 +08:00 [INF] 用户登录成功：bolo-vue-test
2025-09-09 16:16:27.081 +08:00 [INF] 用户退出：bolo-vue-test
2025-09-09 16:16:34.195 +08:00 [INF] 用户登录成功：bolo-vue-test
2025-09-09 16:16:36.944 +08:00 [INF] 用户注册成功：1
2025-09-09 16:17:48.359 +08:00 [INF] 用户退出：bolo-vue-test
2025-09-09 16:17:55.107 +08:00 [INF] 用户登录成功：bolo-vue-test
2025-09-09 16:18:23.073 +08:00 [INF] 用户注册成功：bolo1
2025-09-09 16:22:08.503 +08:00 [INF] 用户退出：bolo-vue-test
2025-09-09 16:22:18.106 +08:00 [INF] 用户登录成功：bolo-vue-test
2025-09-09 16:30:27.619 +08:00 [INF] 用户退出：bolo-vue-test
2025-09-09 16:30:39.233 +08:00 [INF] 用户登录成功：bolo-vue-test
2025-09-09 17:01:42.439 +08:00 [INF] 用户退出：bolo-vue-test
2025-09-09 17:01:52.947 +08:00 [INF] 用户登录成功：bolo-vue-test
2025-09-09 17:05:47.249 +08:00 [INF] 用户退出：bolo-vue-test
2025-09-09 17:06:02.331 +08:00 [INF] 用户登录成功：bolo-vue-test
2025-09-09 17:06:23.575 +08:00 [INF] 用户退出：bolo-vue-test
2025-09-09 17:06:25.983 +08:00 [INF] 用户登录成功：bolo-vue-test
2025-09-09 17:08:16.870 +08:00 [INF] 用户退出：bolo-vue-test
2025-09-09 17:08:17.661 +08:00 [INF] 用户登录成功：bolo-vue-test
2025-09-09 17:08:22.805 +08:00 [INF] 用户 bolo-vue-test 于 "2025-09-09T17:08:22.7834141+08:00" 成功上传文件 test3.docx, 存储名 bolo-vue-test_20250909170822751_21031bff174d410bb0b894834ac0726a, 标签：1 , 大小 13563 字节
2025-09-09 17:18:14.376 +08:00 [INF] 用户退出：bolo-vue-test
2025-09-09 17:18:15.205 +08:00 [INF] 用户登录成功：bolo-vue-test
2025-09-09 17:18:26.893 +08:00 [INF] 用户退出：bolo-vue-test
2025-09-09 17:18:27.593 +08:00 [INF] 用户登录成功：bolo-vue-test
2025-09-09 17:18:33.884 +08:00 [INF] 用户退出：bolo-vue-test
2025-09-09 17:18:34.678 +08:00 [INF] 用户登录成功：bolo-vue-test
2025-09-09 17:25:27.645 +08:00 [INF] 用户退出：bolo-vue-test
2025-09-09 17:25:28.540 +08:00 [INF] 用户登录成功：bolo-vue-test
2025-09-09 17:26:46.248 +08:00 [INF] 用户退出：bolo-vue-test
2025-09-09 17:26:47.318 +08:00 [INF] 用户登录成功：bolo-vue-test
2025-09-09 17:58:02.085 +08:00 [INF] 用户退出：bolo-vue-test
2025-09-09 17:58:02.091 +08:00 [INF] 用户退出：bolo-vue-test
2025-09-09 17:58:02.085 +08:00 [INF] 用户退出：bolo-vue-test
2025-09-09 17:58:02.128 +08:00 [INF] 用户退出：bolo-vue-test
2025-09-09 17:58:02.175 +08:00 [INF] 用户退出：bolo-vue-test
2025-09-09 17:58:03.864 +08:00 [INF] 用户登录成功：bolo-vue-test
2025-09-09 17:58:08.926 +08:00 [INF] 用户 bolo-vue-test 于 "2025-09-09T17:58:08.7614080+08:00" 成功上传文件 1.csv, 存储名 bolo-vue-test_20250909175808654_67f21cdd6d584786b9ab572f5297fce4, 标签：1 , 大小 1293 字节
2025-09-09 18:00:13.173 +08:00 [INF] 用户退出：bolo-vue-test
2025-09-09 18:00:14.512 +08:00 [INF] 用户登录成功：bolo-vue-test
2025-09-09 18:00:18.855 +08:00 [INF] 用户 bolo-vue-test 于 "2025-09-09T18:00:18.6824527+08:00" 成功上传文件 1.csv, 存储名 bolo-vue-test_20250909180018574_1e765fac92d649b8a62de36833e00a4e, 标签：1,2 , 大小 1293 字节
2025-09-09 18:01:27.512 +08:00 [INF] 用户退出：bolo-vue-test
2025-09-09 18:01:28.579 +08:00 [INF] 用户登录成功：bolo-vue-test
2025-09-09 18:01:32.132 +08:00 [INF] 用户 bolo-vue-test 于 "2025-09-09T18:01:31.9579876+08:00" 成功上传文件 1.csv, 存储名 bolo-vue-test_20250909180131857_c6e789557d5940589005275a10a1fb6d, 标签：1,2 , 大小 1293 字节
2025-09-09 18:06:18.017 +08:00 [INF] 用户退出：bolo-vue-test
2025-09-09 18:06:40.178 +08:00 [INF] 用户登录成功：bolo-vue-test
2025-09-09 18:06:46.960 +08:00 [INF] 用户 bolo-vue-test 于 "2025-09-09T18:06:46.9320901+08:00" 成功上传文件 1.csv, 存储名 bolo-vue-test_20250909180646905_abe45de92f97420cae8c11217ccc951e, 标签：1,2 , 大小 1293 字节
2025-09-09 18:13:44.431 +08:00 [INF] 用户 bolo-vue-test 于 "2025-09-09T18:13:44.3997765+08:00" 成功上传文件 test3.docx, 存储名 bolo-vue-test_20250909181344371_990a24fac7254dfb86863087187a267c, 标签：1,2 , 大小 13563 字节
2025-09-09 18:13:54.491 +08:00 [INF] 用户 bolo-vue-test 于 "2025-09-09T18:13:54.4843439+08:00" 成功上传文件 test3.docx, 存储名 bolo-vue-test_20250909181354458_f345553c72704012a052b17ca3d609c2, 标签：1,2 , 大小 13563 字节
2025-09-09 18:43:25.909 +08:00 [INF] 用户退出：bolo-vue-test
2025-09-09 18:43:27.182 +08:00 [INF] 用户登录成功：bolo-vue-test
2025-09-09 18:44:36.088 +08:00 [ERR] Failed executing DbCommand (4ms) [Parameters=[], CommandType='"Text"', CommandTimeout='30']
CREATE TABLE [file_info] (
    [id] int NOT NULL IDENTITY,
    [stored_file_name] nvarchar(max) NOT NULL,
    [original_file_name] nvarchar(max) NOT NULL,
    [bucketname] nvarchar(max) NOT NULL,
    [relative_path] nvarchar(max) NOT NULL,
    [absolute_path] nvarchar(max) NOT NULL,
    [file_size] bigint NOT NULL,
    [mime_type] nvarchar(max) NOT NULL,
    [upload_time] datetime2 NOT NULL,
    [uploader] nvarchar(max) NOT NULL,
    [etag] nvarchar(max) NOT NULL,
    CONSTRAINT [PK_file_info] PRIMARY KEY ([id])
);
2025-09-09 18:59:47.461 +08:00 [INF] 用户退出：bolo-vue-test
2025-09-09 18:59:48.203 +08:00 [WRN] 用户登录失败：bolo-vue-test
2025-09-09 18:59:49.181 +08:00 [WRN] 用户登录失败：bolo-vue-test
2025-09-09 18:59:57.845 +08:00 [WRN] 用户登录失败：bolo-vue-test
2025-09-09 19:00:19.992 +08:00 [WRN] 用户登录失败：bolo-vue-test
2025-09-09 19:00:20.785 +08:00 [WRN] 用户登录失败：bolo-vue-test
